{"C:\\Users\\Pichau\\Documents\\TADS\\sems6\\tcc\\code\\readnext-nextjs\\src\\app\\layout.tsx": {"path":"C:\\Users\\Pichau\\Documents\\TADS\\sems6\\tcc\\code\\readnext-nextjs\\src\\app\\layout.tsx","statementMap":{"0":{"start":{"line":12,"column":24},"end":{"line":12,"column":35}},"1":{"start":{"line":4,"column":13},"end":{"line":4,"column":34}},"2":{"start":{"line":2,"column":7},"end":{"line":2,"column":null}},"3":{"start":{"line":4,"column":34},"end":{"line":10,"column":null}}},"fnMap":{"0":{"name":"RootLayout","decl":{"start":{"line":12,"column":24},"end":{"line":12,"column":35}},"loc":{"start":{"line":12,"column":78},"end":{"line":18,"column":null}}}},"branchMap":{},"s":{"0":0,"1":0,"2":0,"3":0},"f":{"0":0},"b":{}}
,"C:\\Users\\Pichau\\Documents\\TADS\\sems6\\tcc\\code\\readnext-nextjs\\src\\app\\manifest.ts": {"path":"C:\\Users\\Pichau\\Documents\\TADS\\sems6\\tcc\\code\\readnext-nextjs\\src\\app\\manifest.ts","statementMap":{"0":{"start":{"line":3,"column":24},"end":{"line":3,"column":null}},"1":{"start":{"line":4,"column":2},"end":{"line":24,"column":null}}},"fnMap":{"0":{"name":"manifest","decl":{"start":{"line":3,"column":24},"end":{"line":3,"column":null}},"loc":{"start":{"line":3,"column":24},"end":{"line":25,"column":null}}}},"branchMap":{},"s":{"0":0,"1":0},"f":{"0":0},"b":{}}
,"C:\\Users\\Pichau\\Documents\\TADS\\sems6\\tcc\\code\\readnext-nextjs\\src\\app\\page.tsx": {"path":"C:\\Users\\Pichau\\Documents\\TADS\\sems6\\tcc\\code\\readnext-nextjs\\src\\app\\page.tsx","statementMap":{"0":{"start":{"line":3,"column":24},"end":{"line":3,"column":null}},"1":{"start":{"line":1,"column":25},"end":{"line":1,"column":null}},"2":{"start":{"line":4,"column":2},"end":{"line":4,"column":null}}},"fnMap":{"0":{"name":"RootPage","decl":{"start":{"line":3,"column":24},"end":{"line":3,"column":null}},"loc":{"start":{"line":3,"column":24},"end":{"line":5,"column":null}}}},"branchMap":{},"s":{"0":0,"1":0,"2":0},"f":{"0":0},"b":{}}
,"C:\\Users\\Pichau\\Documents\\TADS\\sems6\\tcc\\code\\readnext-nextjs\\src\\app\\api\\auth\\avatar\\route.ts": {"path":"C:\\Users\\Pichau\\Documents\\TADS\\sems6\\tcc\\code\\readnext-nextjs\\src\\app\\api\\auth\\avatar\\route.ts","statementMap":{"0":{"start":{"line":3,"column":13},"end":{"line":3,"column":19}},"1":{"start":{"line":1,"column":34},"end":{"line":1,"column":null}},"2":{"start":{"line":3,"column":19},"end":{"line":3,"column":48}}},"fnMap":{},"branchMap":{},"s":{"0":0,"1":0,"2":0},"f":{},"b":{}}
,"C:\\Users\\Pichau\\Documents\\TADS\\sems6\\tcc\\code\\readnext-nextjs\\src\\app\\api\\auth\\login\\route.ts": {"path":"C:\\Users\\Pichau\\Documents\\TADS\\sems6\\tcc\\code\\readnext-nextjs\\src\\app\\api\\auth\\login\\route.ts","statementMap":{"0":{"start":{"line":3,"column":13},"end":{"line":3,"column":20}},"1":{"start":{"line":1,"column":32},"end":{"line":1,"column":null}},"2":{"start":{"line":3,"column":20},"end":{"line":3,"column":40}}},"fnMap":{},"branchMap":{},"s":{"0":0,"1":0,"2":0},"f":{},"b":{}}
,"C:\\Users\\Pichau\\Documents\\TADS\\sems6\\tcc\\code\\readnext-nextjs\\src\\app\\api\\auth\\logout\\route.ts": {"path":"C:\\Users\\Pichau\\Documents\\TADS\\sems6\\tcc\\code\\readnext-nextjs\\src\\app\\api\\auth\\logout\\route.ts","statementMap":{"0":{"start":{"line":3,"column":13},"end":{"line":3,"column":20}},"1":{"start":{"line":1,"column":32},"end":{"line":1,"column":null}},"2":{"start":{"line":3,"column":20},"end":{"line":3,"column":41}}},"fnMap":{},"branchMap":{},"s":{"0":0,"1":0,"2":0},"f":{},"b":{}}
,"C:\\Users\\Pichau\\Documents\\TADS\\sems6\\tcc\\code\\readnext-nextjs\\src\\app\\api\\auth\\me\\route.ts": {"path":"C:\\Users\\Pichau\\Documents\\TADS\\sems6\\tcc\\code\\readnext-nextjs\\src\\app\\api\\auth\\me\\route.ts","statementMap":{"0":{"start":{"line":5,"column":13},"end":{"line":5,"column":19}},"1":{"start":{"line":3,"column":32},"end":{"line":3,"column":null}},"2":{"start":{"line":5,"column":19},"end":{"line":5,"column":36}}},"fnMap":{},"branchMap":{},"s":{"0":0,"1":0,"2":0},"f":{},"b":{}}
,"C:\\Users\\Pichau\\Documents\\TADS\\sems6\\tcc\\code\\readnext-nextjs\\src\\app\\api\\auth\\register\\route.ts": {"path":"C:\\Users\\Pichau\\Documents\\TADS\\sems6\\tcc\\code\\readnext-nextjs\\src\\app\\api\\auth\\register\\route.ts","statementMap":{"0":{"start":{"line":3,"column":13},"end":{"line":3,"column":20}},"1":{"start":{"line":1,"column":32},"end":{"line":1,"column":null}},"2":{"start":{"line":3,"column":20},"end":{"line":3,"column":43}}},"fnMap":{},"branchMap":{},"s":{"0":0,"1":0,"2":0},"f":{},"b":{}}
,"C:\\Users\\Pichau\\Documents\\TADS\\sems6\\tcc\\code\\readnext-nextjs\\src\\app\\api\\livros\\route.ts": {"path":"C:\\Users\\Pichau\\Documents\\TADS\\sems6\\tcc\\code\\readnext-nextjs\\src\\app\\api\\livros\\route.ts","statementMap":{"0":{"start":{"line":6,"column":13},"end":{"line":6,"column":22}},"1":{"start":{"line":3,"column":13},"end":{"line":3,"column":22}},"2":{"start":{"line":5,"column":13},"end":{"line":5,"column":22}},"3":{"start":{"line":4,"column":13},"end":{"line":4,"column":22}},"4":{"start":{"line":1,"column":34},"end":{"line":1,"column":null}},"5":{"start":{"line":3,"column":22},"end":{"line":3,"column":45}},"6":{"start":{"line":4,"column":22},"end":{"line":4,"column":45}},"7":{"start":{"line":5,"column":22},"end":{"line":5,"column":45}},"8":{"start":{"line":6,"column":22},"end":{"line":6,"column":45}}},"fnMap":{},"branchMap":{},"s":{"0":0,"1":0,"2":0,"3":0,"4":0,"5":0,"6":0,"7":0,"8":0},"f":{},"b":{}}
,"C:\\Users\\Pichau\\Documents\\TADS\\sems6\\tcc\\code\\readnext-nextjs\\src\\app\\api\\search\\route.ts": {"path":"C:\\Users\\Pichau\\Documents\\TADS\\sems6\\tcc\\code\\readnext-nextjs\\src\\app\\api\\search\\route.ts","statementMap":{"0":{"start":{"line":3,"column":13},"end":{"line":3,"column":19}},"1":{"start":{"line":1,"column":34},"end":{"line":1,"column":null}},"2":{"start":{"line":3,"column":19},"end":{"line":3,"column":42}}},"fnMap":{},"branchMap":{},"s":{"0":0,"1":0,"2":0},"f":{},"b":{}}
,"C:\\Users\\Pichau\\Documents\\TADS\\sems6\\tcc\\code\\readnext-nextjs\\src\\app\\auth\\auth.ts": {"path":"C:\\Users\\Pichau\\Documents\\TADS\\sems6\\tcc\\code\\readnext-nextjs\\src\\app\\auth\\auth.ts","statementMap":{"0":{"start":{"line":1,"column":22},"end":{"line":1,"column":null}},"1":{"start":{"line":2,"column":14},"end":{"line":2,"column":null}},"2":{"start":{"line":3,"column":2},"end":{"line":3,"column":null}},"3":{"start":{"line":3,"column":15},"end":{"line":3,"column":null}},"4":{"start":{"line":4,"column":2},"end":{"line":4,"column":null}}},"fnMap":{"0":{"name":"getMe","decl":{"start":{"line":1,"column":22},"end":{"line":1,"column":null}},"loc":{"start":{"line":1,"column":22},"end":{"line":5,"column":null}}}},"branchMap":{"0":{"loc":{"start":{"line":3,"column":2},"end":{"line":3,"column":null}},"type":"if","locations":[{"start":{"line":3,"column":2},"end":{"line":3,"column":null}},{"start":{},"end":{}}]}},"s":{"0":0,"1":0,"2":0,"3":0,"4":0},"f":{"0":0},"b":{"0":[0,0]}}
,"C:\\Users\\Pichau\\Documents\\TADS\\sems6\\tcc\\code\\readnext-nextjs\\src\\app\\dashboard\\page.tsx": {"path":"C:\\Users\\Pichau\\Documents\\TADS\\sems6\\tcc\\code\\readnext-nextjs\\src\\app\\dashboard\\page.tsx","statementMap":{"0":{"start":{"line":13,"column":16},"end":{"line":13,"column":32}},"1":{"start":{"line":32,"column":24},"end":{"line":32,"column":null}},"2":{"start":{"line":23,"column":16},"end":{"line":23,"column":28}},"3":{"start":{"line":2,"column":36},"end":{"line":2,"column":null}},"4":{"start":{"line":3,"column":26},"end":{"line":3,"column":null}},"5":{"start":{"line":4,"column":23},"end":{"line":4,"column":null}},"6":{"start":{"line":5,"column":29},"end":{"line":5,"column":null}},"7":{"start":{"line":14,"column":17},"end":{"line":14,"column":null}},"8":{"start":{"line":14,"column":38},"end":{"line":14,"column":null}},"9":{"start":{"line":15,"column":17},"end":{"line":15,"column":30}},"10":{"start":{"line":16,"column":17},"end":{"line":16,"column":65}},"11":{"start":{"line":16,"column":38},"end":{"line":16,"column":59}},"12":{"start":{"line":17,"column":17},"end":{"line":17,"column":66}},"13":{"start":{"line":17,"column":38},"end":{"line":17,"column":60}},"14":{"start":{"line":18,"column":19},"end":{"line":18,"column":72}},"15":{"start":{"line":18,"column":40},"end":{"line":18,"column":66}},"16":{"start":{"line":19,"column":19},"end":{"line":19,"column":null}},"17":{"start":{"line":20,"column":2},"end":{"line":20,"column":null}},"18":{"start":{"line":24,"column":2},"end":{"line":24,"column":null}},"19":{"start":{"line":24,"column":25},"end":{"line":24,"column":null}},"20":{"start":{"line":25,"column":2},"end":{"line":25,"column":null}},"21":{"start":{"line":25,"column":25},"end":{"line":25,"column":null}},"22":{"start":{"line":26,"column":2},"end":{"line":26,"column":null}},"23":{"start":{"line":26,"column":25},"end":{"line":26,"column":null}},"24":{"start":{"line":27,"column":2},"end":{"line":27,"column":null}},"25":{"start":{"line":27,"column":25},"end":{"line":27,"column":null}},"26":{"start":{"line":28,"column":2},"end":{"line":28,"column":null}},"27":{"start":{"line":28,"column":25},"end":{"line":28,"column":null}},"28":{"start":{"line":29,"column":2},"end":{"line":29,"column":null}},"29":{"start":{"line":33,"column":18},"end":{"line":33,"column":null}},"30":{"start":{"line":34,"column":30},"end":{"line":34,"column":null}},"31":{"start":{"line":35,"column":30},"end":{"line":35,"column":null}},"32":{"start":{"line":36,"column":32},"end":{"line":36,"column":null}},"33":{"start":{"line":38,"column":2},"end":{"line":58,"column":null}},"34":{"start":{"line":40,"column":6},"end":{"line":55,"column":null}},"35":{"start":{"line":41,"column":22},"end":{"line":41,"column":null}},"36":{"start":{"line":42,"column":8},"end":{"line":42,"column":null}},"37":{"start":{"line":42,"column":25},"end":{"line":42,"column":48}},"38":{"start":{"line":42,"column":48},"end":{"line":42,"column":56}},"39":{"start":{"line":43,"column":19},"end":{"line":43,"column":null}},"40":{"start":{"line":44,"column":8},"end":{"line":44,"column":null}},"41":{"start":{"line":46,"column":26},"end":{"line":46,"column":null}},"42":{"start":{"line":47,"column":8},"end":{"line":50,"column":null}},"43":{"start":{"line":48,"column":23},"end":{"line":48,"column":null}},"44":{"start":{"line":49,"column":10},"end":{"line":49,"column":null}},"45":{"start":{"line":52,"column":8},"end":{"line":52,"column":null}},"46":{"start":{"line":54,"column":8},"end":{"line":54,"column":null}},"47":{"start":{"line":57,"column":4},"end":{"line":57,"column":null}},"48":{"start":{"line":60,"column":53},"end":{"line":60,"column":null}},"49":{"start":{"line":61,"column":19},"end":{"line":61,"column":null}},"50":{"start":{"line":89,"column":14},"end":{"line":89,"column":31}},"51":{"start":{"line":101,"column":52},"end":{"line":167,"column":null}}},"fnMap":{"0":{"name":"calcularMetrics","decl":{"start":{"line":13,"column":16},"end":{"line":13,"column":32}},"loc":{"start":{"line":13,"column":47},"end":{"line":21,"column":null}}},"1":{"name":"(anonymous_6)","decl":{"start":{"line":14,"column":31},"end":{"line":14,"column":32}},"loc":{"start":{"line":14,"column":38},"end":{"line":14,"column":null}}},"2":{"name":"(anonymous_7)","decl":{"start":{"line":16,"column":31},"end":{"line":16,"column":32}},"loc":{"start":{"line":16,"column":38},"end":{"line":16,"column":59}}},"3":{"name":"(anonymous_8)","decl":{"start":{"line":17,"column":31},"end":{"line":17,"column":32}},"loc":{"start":{"line":17,"column":38},"end":{"line":17,"column":60}}},"4":{"name":"(anonymous_9)","decl":{"start":{"line":18,"column":33},"end":{"line":18,"column":34}},"loc":{"start":{"line":18,"column":40},"end":{"line":18,"column":66}}},"5":{"name":"getMensagem","decl":{"start":{"line":23,"column":16},"end":{"line":23,"column":28}},"loc":{"start":{"line":23,"column":58},"end":{"line":30,"column":null}}},"6":{"name":"DashboardPage","decl":{"start":{"line":32,"column":24},"end":{"line":32,"column":null}},"loc":{"start":{"line":32,"column":24},"end":{"line":99,"column":null}}},"7":{"name":"(anonymous_12)","decl":{"start":{"line":38,"column":12},"end":{"line":38,"column":null}},"loc":{"start":{"line":38,"column":12},"end":{"line":58,"column":5}}},"8":{"name":"load","decl":{"start":{"line":39,"column":19},"end":{"line":39,"column":null}},"loc":{"start":{"line":39,"column":19},"end":{"line":56,"column":null}}},"9":{"name":"(anonymous_14)","decl":{"start":{"line":88,"column":18},"end":{"line":88,"column":19}},"loc":{"start":{"line":89,"column":14},"end":{"line":89,"column":31}}}},"branchMap":{"0":{"loc":{"start":{"line":19,"column":19},"end":{"line":19,"column":null}},"type":"cond-expr","locations":[{"start":{"line":19,"column":31},"end":{"line":19,"column":67}},{"start":{"line":19,"column":67},"end":{"line":19,"column":null}}]},"1":{"loc":{"start":{"line":24,"column":2},"end":{"line":24,"column":null}},"type":"if","locations":[{"start":{"line":24,"column":2},"end":{"line":24,"column":null}},{"start":{},"end":{}}]},"2":{"loc":{"start":{"line":25,"column":2},"end":{"line":25,"column":null}},"type":"if","locations":[{"start":{"line":25,"column":2},"end":{"line":25,"column":null}},{"start":{},"end":{}}]},"3":{"loc":{"start":{"line":26,"column":2},"end":{"line":26,"column":null}},"type":"if","locations":[{"start":{"line":26,"column":2},"end":{"line":26,"column":null}},{"start":{},"end":{}}]},"4":{"loc":{"start":{"line":27,"column":2},"end":{"line":27,"column":null}},"type":"if","locations":[{"start":{"line":27,"column":2},"end":{"line":27,"column":null}},{"start":{},"end":{}}]},"5":{"loc":{"start":{"line":28,"column":2},"end":{"line":28,"column":null}},"type":"if","locations":[{"start":{"line":28,"column":2},"end":{"line":28,"column":null}},{"start":{},"end":{}}]},"6":{"loc":{"start":{"line":42,"column":8},"end":{"line":42,"column":null}},"type":"if","locations":[{"start":{"line":42,"column":8},"end":{"line":42,"column":null}},{"start":{},"end":{}}]},"7":{"loc":{"start":{"line":44,"column":16},"end":{"line":44,"column":null}},"type":"binary-expr","locations":[{"start":{"line":44,"column":16},"end":{"line":44,"column":23}},{"start":{"line":44,"column":27},"end":{"line":44,"column":null}}]},"8":{"loc":{"start":{"line":47,"column":8},"end":{"line":50,"column":null}},"type":"if","locations":[{"start":{"line":47,"column":8},"end":{"line":50,"column":null}},{"start":{},"end":{}}]},"9":{"loc":{"start":{"line":72,"column":10},"end":{"line":74,"column":11}},"type":"cond-expr","locations":[{"start":{"line":72,"column":10},"end":{"line":74,"column":11}}]},"10":{"loc":{"start":{"line":81,"column":9},"end":{"line":81,"column":21}},"type":"binary-expr","locations":[{"start":{"line":81,"column":9},"end":{"line":81,"column":21}},{"start":{"line":81,"column":21},"end":{"line":81,"column":null}}]}},"s":{"0":4,"1":5,"2":5,"3":1,"4":1,"5":1,"6":1,"7":14,"8":13,"9":14,"10":14,"11":12,"12":14,"13":13,"14":14,"15":13,"16":14,"17":14,"18":15,"19":10,"20":5,"21":1,"22":4,"23":1,"24":3,"25":1,"26":2,"27":2,"28":0,"29":10,"30":10,"31":10,"32":10,"33":10,"34":9,"35":9,"36":9,"37":1,"38":1,"39":4,"40":4,"41":4,"42":4,"43":4,"44":4,"45":4,"46":9,"47":9,"48":10,"49":10,"50":4,"51":1},"f":{"0":14,"1":13,"2":12,"3":13,"4":13,"5":15,"6":10,"7":9,"8":9,"9":4},"b":{"0":[4,10],"1":[10,5],"2":[1,4],"3":[1,3],"4":[1,2],"5":[2,0],"6":[1,4],"7":[4,0],"8":[4,0],"9":[5],"10":[10,5]}}
,"C:\\Users\\Pichau\\Documents\\TADS\\sems6\\tcc\\code\\readnext-nextjs\\src\\app\\livros\\page.tsx": {"path":"C:\\Users\\Pichau\\Documents\\TADS\\sems6\\tcc\\code\\readnext-nextjs\\src\\app\\livros\\page.tsx","statementMap":{"0":{"start":{"line":36,"column":24},"end":{"line":36,"column":null}},"1":{"start":{"line":2,"column":38},"end":{"line":2,"column":null}},"2":{"start":{"line":3,"column":26},"end":{"line":3,"column":null}},"3":{"start":{"line":4,"column":23},"end":{"line":4,"column":null}},"4":{"start":{"line":16,"column":21},"end":{"line":19,"column":null}},"5":{"start":{"line":21,"column":23},"end":{"line":26,"column":null}},"6":{"start":{"line":37,"column":17},"end":{"line":37,"column":null}},"7":{"start":{"line":38,"column":40},"end":{"line":38,"column":null}},"8":{"start":{"line":39,"column":40},"end":{"line":39,"column":null}},"9":{"start":{"line":40,"column":40},"end":{"line":40,"column":null}},"10":{"start":{"line":41,"column":40},"end":{"line":41,"column":null}},"11":{"start":{"line":42,"column":40},"end":{"line":42,"column":null}},"12":{"start":{"line":43,"column":40},"end":{"line":43,"column":null}},"13":{"start":{"line":44,"column":40},"end":{"line":44,"column":null}},"14":{"start":{"line":45,"column":40},"end":{"line":45,"column":null}},"15":{"start":{"line":46,"column":40},"end":{"line":46,"column":null}},"16":{"start":{"line":48,"column":20},"end":{"line":51,"column":null}},"17":{"start":{"line":49,"column":4},"end":{"line":49,"column":null}},"18":{"start":{"line":50,"column":4},"end":{"line":50,"column":null}},"19":{"start":{"line":50,"column":21},"end":{"line":50,"column":35}},"20":{"start":{"line":54,"column":4},"end":{"line":54,"column":null}},"21":{"start":{"line":55,"column":4},"end":{"line":61,"column":null}},"22":{"start":{"line":62,"column":4},"end":{"line":79,"column":null}},"23":{"start":{"line":63,"column":19},"end":{"line":63,"column":null}},"24":{"start":{"line":64,"column":19},"end":{"line":64,"column":null}},"25":{"start":{"line":65,"column":19},"end":{"line":65,"column":null}},"26":{"start":{"line":66,"column":6},"end":{"line":74,"column":null}},"27":{"start":{"line":76,"column":6},"end":{"line":77,"column":null}},"28":{"start":{"line":77,"column":8},"end":{"line":77,"column":null}},"29":{"start":{"line":82,"column":17},"end":{"line":110,"column":null}},"30":{"start":{"line":83,"column":4},"end":{"line":83,"column":null}},"31":{"start":{"line":83,"column":23},"end":{"line":83,"column":null}},"32":{"start":{"line":84,"column":4},"end":{"line":84,"column":null}},"33":{"start":{"line":85,"column":4},"end":{"line":85,"column":null}},"34":{"start":{"line":86,"column":4},"end":{"line":86,"column":null}},"35":{"start":{"line":87,"column":4},"end":{"line":109,"column":null}},"36":{"start":{"line":88,"column":18},"end":{"line":89,"column":null}},"37":{"start":{"line":91,"column":6},"end":{"line":96,"column":null}},"38":{"start":{"line":92,"column":21},"end":{"line":92,"column":null}},"39":{"start":{"line":93,"column":8},"end":{"line":93,"column":null}},"40":{"start":{"line":94,"column":8},"end":{"line":94,"column":null}},"41":{"start":{"line":95,"column":8},"end":{"line":95,"column":null}},"42":{"start":{"line":97,"column":19},"end":{"line":97,"column":null}},"43":{"start":{"line":98,"column":6},"end":{"line":102,"column":null}},"44":{"start":{"line":99,"column":8},"end":{"line":99,"column":null}},"45":{"start":{"line":100,"column":8},"end":{"line":100,"column":null}},"46":{"start":{"line":101,"column":8},"end":{"line":101,"column":null}},"47":{"start":{"line":103,"column":6},"end":{"line":103,"column":null}},"48":{"start":{"line":104,"column":6},"end":{"line":104,"column":null}},"49":{"start":{"line":104,"column":29},"end":{"line":104,"column":null}},"50":{"start":{"line":106,"column":6},"end":{"line":106,"column":null}},"51":{"start":{"line":108,"column":6},"end":{"line":108,"column":null}},"52":{"start":{"line":113,"column":4},"end":{"line":113,"column":null}},"53":{"start":{"line":114,"column":4},"end":{"line":114,"column":null}},"54":{"start":{"line":115,"column":4},"end":{"line":149,"column":null}},"55":{"start":{"line":116,"column":18},"end":{"line":126,"column":null}},"56":{"start":{"line":127,"column":19},"end":{"line":127,"column":null}},"57":{"start":{"line":128,"column":6},"end":{"line":144,"column":null}},"58":{"start":{"line":130,"column":8},"end":{"line":131,"column":null}},"59":{"start":{"line":131,"column":10},"end":{"line":131,"column":null}},"60":{"start":{"line":131,"column":27},"end":{"line":131,"column":null}},"61":{"start":{"line":133,"column":8},"end":{"line":133,"column":null}},"62":{"start":{"line":134,"column":13},"end":{"line":144,"column":null}},"63":{"start":{"line":135,"column":8},"end":{"line":135,"column":null}},"64":{"start":{"line":136,"column":13},"end":{"line":144,"column":null}},"65":{"start":{"line":137,"column":8},"end":{"line":137,"column":null}},"66":{"start":{"line":139,"column":22},"end":{"line":139,"column":null}},"67":{"start":{"line":139,"column":49},"end":{"line":139,"column":68}},"68":{"start":{"line":140,"column":8},"end":{"line":140,"column":null}},"69":{"start":{"line":141,"column":8},"end":{"line":142,"column":null}},"70":{"start":{"line":142,"column":10},"end":{"line":142,"column":null}},"71":{"start":{"line":142,"column":27},"end":{"line":142,"column":null}},"72":{"start":{"line":146,"column":6},"end":{"line":146,"column":null}},"73":{"start":{"line":148,"column":6},"end":{"line":148,"column":null}},"74":{"start":{"line":163,"column":29},"end":{"line":163,"column":null}},"75":{"start":{"line":164,"column":30},"end":{"line":164,"column":null}},"76":{"start":{"line":169,"column":29},"end":{"line":169,"column":null}},"77":{"start":{"line":173,"column":14},"end":{"line":173,"column":34}},"78":{"start":{"line":192,"column":14},"end":{"line":192,"column":34}},"79":{"start":{"line":195,"column":33},"end":{"line":195,"column":null}},"80":{"start":{"line":233,"column":35},"end":{"line":233,"column":null}},"81":{"start":{"line":242,"column":24},"end":{"line":243,"column":null}},"82":{"start":{"line":273,"column":27},"end":{"line":273,"column":null}},"83":{"start":{"line":277,"column":35},"end":{"line":277,"column":54}},"84":{"start":{"line":312,"column":27},"end":{"line":312,"column":null}},"85":{"start":{"line":352,"column":14},"end":{"line":353,"column":null}},"86":{"start":{"line":354,"column":31},"end":{"line":354,"column":null}},"87":{"start":{"line":356,"column":38},"end":{"line":356,"column":null}},"88":{"start":{"line":357,"column":38},"end":{"line":357,"column":null}},"89":{"start":{"line":365,"column":29},"end":{"line":365,"column":null}},"90":{"start":{"line":382,"column":52},"end":{"line":639,"column":null}}},"fnMap":{"0":{"name":"LivrosPage","decl":{"start":{"line":36,"column":24},"end":{"line":36,"column":null}},"loc":{"start":{"line":36,"column":24},"end":{"line":380,"column":null}}},"1":{"name":"(anonymous_3)","decl":{"start":{"line":48,"column":20},"end":{"line":48,"column":21}},"loc":{"start":{"line":48,"column":21},"end":{"line":51,"column":null}}},"2":{"name":"(anonymous_4)","decl":{"start":{"line":50,"column":15},"end":{"line":50,"column":21}},"loc":{"start":{"line":50,"column":21},"end":{"line":50,"column":35}}},"3":{"name":"abrirDetalhes","decl":{"start":{"line":53,"column":17},"end":{"line":53,"column":31}},"loc":{"start":{"line":53,"column":43},"end":{"line":80,"column":null}}},"4":{"name":"(anonymous_6)","decl":{"start":{"line":76,"column":18},"end":{"line":76,"column":19}},"loc":{"start":{"line":77,"column":8},"end":{"line":77,"column":null}}},"5":{"name":"(anonymous_7)","decl":{"start":{"line":82,"column":29},"end":{"line":82,"column":null}},"loc":{"start":{"line":82,"column":29},"end":{"line":110,"column":5}}},"6":{"name":"adicionarComStatus","decl":{"start":{"line":112,"column":17},"end":{"line":112,"column":36}},"loc":{"start":{"line":112,"column":64},"end":{"line":150,"column":null}}},"7":{"name":"(anonymous_9)","decl":{"start":{"line":130,"column":22},"end":{"line":130,"column":23}},"loc":{"start":{"line":131,"column":10},"end":{"line":131,"column":null}}},"8":{"name":"(anonymous_10)","decl":{"start":{"line":131,"column":19},"end":{"line":131,"column":20}},"loc":{"start":{"line":131,"column":27},"end":{"line":131,"column":null}}},"9":{"name":"(anonymous_11)","decl":{"start":{"line":139,"column":42},"end":{"line":139,"column":43}},"loc":{"start":{"line":139,"column":49},"end":{"line":139,"column":68}}},"10":{"name":"(anonymous_12)","decl":{"start":{"line":141,"column":22},"end":{"line":141,"column":23}},"loc":{"start":{"line":142,"column":10},"end":{"line":142,"column":null}}},"11":{"name":"(anonymous_13)","decl":{"start":{"line":142,"column":19},"end":{"line":142,"column":20}},"loc":{"start":{"line":142,"column":27},"end":{"line":142,"column":null}}},"12":{"name":"(anonymous_14)","decl":{"start":{"line":163,"column":22},"end":{"line":163,"column":23}},"loc":{"start":{"line":163,"column":29},"end":{"line":163,"column":null}}},"13":{"name":"(anonymous_15)","decl":{"start":{"line":164,"column":23},"end":{"line":164,"column":24}},"loc":{"start":{"line":164,"column":30},"end":{"line":164,"column":null}}},"14":{"name":"(anonymous_16)","decl":{"start":{"line":169,"column":22},"end":{"line":169,"column":23}},"loc":{"start":{"line":169,"column":29},"end":{"line":169,"column":null}}},"15":{"name":"(anonymous_17)","decl":{"start":{"line":172,"column":30},"end":{"line":172,"column":31}},"loc":{"start":{"line":173,"column":14},"end":{"line":173,"column":34}}},"16":{"name":"(anonymous_18)","decl":{"start":{"line":191,"column":28},"end":{"line":191,"column":29}},"loc":{"start":{"line":192,"column":14},"end":{"line":192,"column":34}}},"17":{"name":"(anonymous_19)","decl":{"start":{"line":195,"column":27},"end":{"line":195,"column":33}},"loc":{"start":{"line":195,"column":33},"end":{"line":195,"column":null}}},"18":{"name":"(anonymous_20)","decl":{"start":{"line":233,"column":29},"end":{"line":233,"column":35}},"loc":{"start":{"line":233,"column":35},"end":{"line":233,"column":null}}},"19":{"name":"(anonymous_21)","decl":{"start":{"line":241,"column":36},"end":{"line":241,"column":37}},"loc":{"start":{"line":242,"column":24},"end":{"line":243,"column":null}}},"20":{"name":"(anonymous_22)","decl":{"start":{"line":273,"column":21},"end":{"line":273,"column":27}},"loc":{"start":{"line":273,"column":27},"end":{"line":273,"column":null}}},"21":{"name":"(anonymous_23)","decl":{"start":{"line":277,"column":29},"end":{"line":277,"column":35}},"loc":{"start":{"line":277,"column":35},"end":{"line":277,"column":54}}},"22":{"name":"(anonymous_24)","decl":{"start":{"line":312,"column":21},"end":{"line":312,"column":27}},"loc":{"start":{"line":312,"column":27},"end":{"line":312,"column":null}}},"23":{"name":"(anonymous_25)","decl":{"start":{"line":351,"column":32},"end":{"line":351,"column":33}},"loc":{"start":{"line":352,"column":14},"end":{"line":353,"column":null}}},"24":{"name":"(anonymous_26)","decl":{"start":{"line":354,"column":25},"end":{"line":354,"column":31}},"loc":{"start":{"line":354,"column":31},"end":{"line":354,"column":null}}},"25":{"name":"(anonymous_27)","decl":{"start":{"line":356,"column":30},"end":{"line":356,"column":31}},"loc":{"start":{"line":356,"column":38},"end":{"line":356,"column":null}}},"26":{"name":"(anonymous_28)","decl":{"start":{"line":357,"column":30},"end":{"line":357,"column":31}},"loc":{"start":{"line":357,"column":38},"end":{"line":357,"column":null}}},"27":{"name":"(anonymous_29)","decl":{"start":{"line":365,"column":23},"end":{"line":365,"column":29}},"loc":{"start":{"line":365,"column":29},"end":{"line":365,"column":null}}}},"branchMap":{"0":{"loc":{"start":{"line":65,"column":19},"end":{"line":65,"column":null}},"type":"binary-expr","locations":[{"start":{"line":65,"column":19},"end":{"line":65,"column":34}},{"start":{"line":65,"column":38},"end":{"line":65,"column":null}}]},"1":{"loc":{"start":{"line":67,"column":20},"end":{"line":67,"column":47}},"type":"binary-expr","locations":[{"start":{"line":67,"column":20},"end":{"line":67,"column":30}},{"start":{"line":67,"column":36},"end":{"line":67,"column":47}}]},"2":{"loc":{"start":{"line":68,"column":20},"end":{"line":68,"column":53}},"type":"binary-expr","locations":[{"start":{"line":68,"column":20},"end":{"line":68,"column":32}},{"start":{"line":68,"column":36},"end":{"line":68,"column":53}}]},"3":{"loc":{"start":{"line":69,"column":20},"end":{"line":69,"column":93}},"type":"binary-expr","locations":[{"start":{"line":69,"column":20},"end":{"line":69,"column":78}},{"start":{"line":69,"column":78},"end":{"line":69,"column":93}}]},"4":{"loc":{"start":{"line":70,"column":20},"end":{"line":72,"column":null}},"type":"cond-expr","locations":[{"start":{"line":71,"column":12},"end":{"line":71,"column":null}},{"start":{"line":72,"column":12},"end":{"line":72,"column":null}}]},"5":{"loc":{"start":{"line":77,"column":8},"end":{"line":77,"column":null}},"type":"cond-expr","locations":[{"start":{"line":77,"column":15},"end":{"line":77,"column":97}},{"start":{"line":77,"column":97},"end":{"line":77,"column":null}}]},"6":{"loc":{"start":{"line":83,"column":4},"end":{"line":83,"column":null}},"type":"if","locations":[{"start":{"line":83,"column":4},"end":{"line":83,"column":null}},{"start":{},"end":{}}]},"7":{"loc":{"start":{"line":91,"column":6},"end":{"line":96,"column":null}},"type":"if","locations":[{"start":{"line":91,"column":6},"end":{"line":96,"column":null}},{"start":{},"end":{}}]},"8":{"loc":{"start":{"line":93,"column":16},"end":{"line":93,"column":null}},"type":"binary-expr","locations":[{"start":{"line":93,"column":16},"end":{"line":93,"column":26}},{"start":{"line":93,"column":30},"end":{"line":93,"column":null}}]},"9":{"loc":{"start":{"line":98,"column":6},"end":{"line":102,"column":null}},"type":"if","locations":[{"start":{"line":98,"column":6},"end":{"line":102,"column":null}},{"start":{},"end":{}}]},"10":{"loc":{"start":{"line":104,"column":6},"end":{"line":104,"column":null}},"type":"if","locations":[{"start":{"line":104,"column":6},"end":{"line":104,"column":null}},{"start":{},"end":{}}]},"11":{"loc":{"start":{"line":128,"column":6},"end":{"line":144,"column":null}},"type":"if","locations":[{"start":{"line":128,"column":6},"end":{"line":144,"column":null}},{"start":{"line":134,"column":13},"end":{"line":144,"column":null}}]},"12":{"loc":{"start":{"line":131,"column":27},"end":{"line":131,"column":null}},"type":"cond-expr","locations":[{"start":{"line":131,"column":47},"end":{"line":131,"column":79}},{"start":{"line":131,"column":79},"end":{"line":131,"column":null}}]},"13":{"loc":{"start":{"line":134,"column":13},"end":{"line":144,"column":null}},"type":"if","locations":[{"start":{"line":134,"column":13},"end":{"line":144,"column":null}},{"start":{"line":136,"column":13},"end":{"line":144,"column":null}}]},"14":{"loc":{"start":{"line":135,"column":18},"end":{"line":135,"column":null}},"type":"binary-expr","locations":[{"start":{"line":135,"column":18},"end":{"line":135,"column":30}},{"start":{"line":135,"column":34},"end":{"line":135,"column":null}}]},"15":{"loc":{"start":{"line":136,"column":13},"end":{"line":144,"column":null}},"type":"if","locations":[{"start":{"line":136,"column":13},"end":{"line":144,"column":null}},{"start":{"line":138,"column":13},"end":{"line":144,"column":null}}]},"16":{"loc":{"start":{"line":137,"column":18},"end":{"line":137,"column":null}},"type":"binary-expr","locations":[{"start":{"line":137,"column":18},"end":{"line":137,"column":28}},{"start":{"line":137,"column":32},"end":{"line":137,"column":null}}]},"17":{"loc":{"start":{"line":139,"column":22},"end":{"line":139,"column":null}},"type":"binary-expr","locations":[{"start":{"line":139,"column":22},"end":{"line":139,"column":77}},{"start":{"line":139,"column":77},"end":{"line":139,"column":null}}]},"18":{"loc":{"start":{"line":142,"column":27},"end":{"line":142,"column":null}},"type":"cond-expr","locations":[{"start":{"line":142,"column":47},"end":{"line":142,"column":79}},{"start":{"line":142,"column":79},"end":{"line":142,"column":null}}]},"19":{"loc":{"start":{"line":164,"column":30},"end":{"line":164,"column":null}},"type":"binary-expr","locations":[{"start":{"line":164,"column":30},"end":{"line":164,"column":51}},{"start":{"line":164,"column":51},"end":{"line":164,"column":null}}]},"20":{"loc":{"start":{"line":180,"column":20},"end":{"line":180,"column":null}},"type":"binary-expr","locations":[{"start":{"line":180,"column":20},"end":{"line":180,"column":31}},{"start":{"line":180,"column":31},"end":{"line":180,"column":null}}]},"21":{"loc":{"start":{"line":181,"column":49},"end":{"line":181,"column":84}},"type":"cond-expr","locations":[{"start":{"line":181,"column":76},"end":{"line":181,"column":82}},{"start":{"line":181,"column":82},"end":{"line":181,"column":84}}]},"22":{"loc":{"start":{"line":181,"column":49},"end":{"line":181,"column":76}},"type":"binary-expr","locations":[{"start":{"line":181,"column":49},"end":{"line":181,"column":60}},{"start":{"line":181,"column":60},"end":{"line":181,"column":76}}]},"23":{"loc":{"start":{"line":183,"column":11},"end":{"line":183,"column":null}},"type":"cond-expr","locations":[{"start":{"line":183,"column":21},"end":{"line":183,"column":37}},{"start":{"line":183,"column":37},"end":{"line":183,"column":null}}]},"24":{"loc":{"start":{"line":186,"column":9},"end":{"line":186,"column":17}},"type":"binary-expr","locations":[{"start":{"line":186,"column":9},"end":{"line":186,"column":17}}]},"25":{"loc":{"start":{"line":189,"column":9},"end":{"line":189,"column":null}},"type":"binary-expr","locations":[{"start":{"line":189,"column":9},"end":{"line":189,"column":null}}]},"26":{"loc":{"start":{"line":200,"column":20},"end":{"line":206,"column":21}},"type":"cond-expr","locations":[{"start":{"line":200,"column":20},"end":{"line":206,"column":21}}]},"27":{"loc":{"start":{"line":213,"column":19},"end":{"line":213,"column":38}},"type":"binary-expr","locations":[{"start":{"line":213,"column":19},"end":{"line":213,"column":38}}]},"28":{"loc":{"start":{"line":228,"column":46},"end":{"line":228,"column":null}},"type":"binary-expr","locations":[{"start":{"line":228,"column":46},"end":{"line":228,"column":68}},{"start":{"line":228,"column":72},"end":{"line":228,"column":null}}]},"29":{"loc":{"start":{"line":238,"column":21},"end":{"line":243,"column":null}},"type":"cond-expr","locations":[{"start":{"line":239,"column":22},"end":{"line":241,"column":23}},{"start":{"line":241,"column":22},"end":{"line":243,"column":null}}]},"30":{"loc":{"start":{"line":256,"column":9},"end":{"line":256,"column":21}},"type":"binary-expr","locations":[{"start":{"line":256,"column":9},"end":{"line":256,"column":21}},{"start":{"line":256,"column":21},"end":{"line":256,"column":48}},{"start":{"line":256,"column":48},"end":{"line":256,"column":null}}]},"31":{"loc":{"start":{"line":270,"column":7},"end":{"line":270,"column":null}},"type":"binary-expr","locations":[{"start":{"line":270,"column":7},"end":{"line":270,"column":null}}]},"32":{"loc":{"start":{"line":280,"column":16},"end":{"line":286,"column":17}},"type":"cond-expr","locations":[{"start":{"line":280,"column":16},"end":{"line":286,"column":17}}]},"33":{"loc":{"start":{"line":295,"column":16},"end":{"line":297,"column":null}},"type":"cond-expr","locations":[{"start":{"line":295,"column":16},"end":{"line":297,"column":null}}]},"34":{"loc":{"start":{"line":308,"column":7},"end":{"line":308,"column":null}},"type":"binary-expr","locations":[{"start":{"line":308,"column":7},"end":{"line":308,"column":null}}]},"35":{"loc":{"start":{"line":328,"column":16},"end":{"line":334,"column":17}},"type":"cond-expr","locations":[{"start":{"line":328,"column":16},"end":{"line":334,"column":17}}]},"36":{"loc":{"start":{"line":347,"column":15},"end":{"line":347,"column":null}},"type":"cond-expr","locations":[{"start":{"line":347,"column":41},"end":{"line":347,"column":82}},{"start":{"line":347,"column":82},"end":{"line":347,"column":null}}]},"37":{"loc":{"start":{"line":375,"column":7},"end":{"line":375,"column":null}},"type":"binary-expr","locations":[{"start":{"line":375,"column":7},"end":{"line":375,"column":null}}]}},"s":{"0":16,"1":1,"2":1,"3":1,"4":1,"5":1,"6":104,"7":104,"8":104,"9":104,"10":104,"11":104,"12":104,"13":104,"14":104,"15":104,"16":104,"17":1,"18":1,"19":0,"20":0,"21":0,"22":0,"23":0,"24":0,"25":0,"26":0,"27":0,"28":0,"29":104,"30":8,"31":0,"32":8,"33":8,"34":8,"35":8,"36":8,"37":8,"38":0,"39":0,"40":0,"41":0,"42":8,"43":8,"44":0,"45":0,"46":0,"47":8,"48":8,"49":1,"50":0,"51":8,"52":1,"53":1,"54":1,"55":1,"56":1,"57":1,"58":0,"59":0,"60":0,"61":0,"62":1,"63":0,"64":1,"65":0,"66":1,"67":1,"68":1,"69":1,"70":1,"71":2,"72":0,"73":1,"74":66,"75":66,"76":0,"77":208,"78":26,"79":0,"80":4,"81":75,"82":0,"83":0,"84":0,"85":16,"86":1,"87":1,"88":0,"89":1,"90":1},"f":{"0":104,"1":1,"2":0,"3":0,"4":0,"5":8,"6":1,"7":0,"8":0,"9":1,"10":1,"11":2,"12":66,"13":66,"14":0,"15":208,"16":26,"17":0,"18":4,"19":75,"20":0,"21":0,"22":0,"23":16,"24":1,"25":1,"26":0,"27":1},"b":{"0":[0,0],"1":[0,0],"2":[0,0],"3":[0,0],"4":[0,0],"5":[0,0],"6":[0,8],"7":[0,8],"8":[0,0],"9":[0,8],"10":[1,7],"11":[0,1],"12":[0,0],"13":[0,1],"14":[0,0],"15":[0,1],"16":[0,0],"17":[1,0],"18":[1,1],"19":[66,0],"20":[104,96],"21":[24,80],"22":[104,96],"23":[8,96],"24":[104],"25":[104],"26":[0],"27":[26],"28":[26,0],"29":[1,25],"30":[104,96,83],"31":[104],"32":[0],"33":[0],"34":[104],"35":[0],"36":[0,4],"37":[104]}}
,"C:\\Users\\Pichau\\Documents\\TADS\\sems6\\tcc\\code\\readnext-nextjs\\src\\app\\login\\page.tsx": {"path":"C:\\Users\\Pichau\\Documents\\TADS\\sems6\\tcc\\code\\readnext-nextjs\\src\\app\\login\\page.tsx","statementMap":{"0":{"start":{"line":6,"column":24},"end":{"line":6,"column":null}},"1":{"start":{"line":2,"column":25},"end":{"line":2,"column":null}},"2":{"start":{"line":3,"column":26},"end":{"line":3,"column":null}},"3":{"start":{"line":4,"column":17},"end":{"line":4,"column":null}},"4":{"start":{"line":7,"column":17},"end":{"line":7,"column":null}},"5":{"start":{"line":8,"column":28},"end":{"line":8,"column":null}},"6":{"start":{"line":9,"column":28},"end":{"line":9,"column":null}},"7":{"start":{"line":10,"column":26},"end":{"line":10,"column":null}},"8":{"start":{"line":11,"column":32},"end":{"line":11,"column":null}},"9":{"start":{"line":14,"column":4},"end":{"line":14,"column":null}},"10":{"start":{"line":15,"column":4},"end":{"line":15,"column":null}},"11":{"start":{"line":15,"column":28},"end":{"line":15,"column":66}},"12":{"start":{"line":15,"column":66},"end":{"line":15,"column":74}},"13":{"start":{"line":16,"column":4},"end":{"line":16,"column":null}},"14":{"start":{"line":17,"column":4},"end":{"line":30,"column":null}},"15":{"start":{"line":18,"column":18},"end":{"line":22,"column":null}},"16":{"start":{"line":23,"column":19},"end":{"line":23,"column":null}},"17":{"start":{"line":24,"column":6},"end":{"line":24,"column":null}},"18":{"start":{"line":24,"column":21},"end":{"line":24,"column":63}},"19":{"start":{"line":24,"column":63},"end":{"line":24,"column":71}},"20":{"start":{"line":25,"column":6},"end":{"line":25,"column":null}},"21":{"start":{"line":27,"column":6},"end":{"line":27,"column":null}},"22":{"start":{"line":29,"column":6},"end":{"line":29,"column":null}},"23":{"start":{"line":43,"column":27},"end":{"line":43,"column":null}},"24":{"start":{"line":52,"column":27},"end":{"line":52,"column":null}},"25":{"start":{"line":55,"column":28},"end":{"line":55,"column":null}},"26":{"start":{"line":99,"column":52},"end":{"line":194,"column":null}}},"fnMap":{"0":{"name":"LoginPage","decl":{"start":{"line":6,"column":24},"end":{"line":6,"column":null}},"loc":{"start":{"line":6,"column":24},"end":{"line":97,"column":null}}},"1":{"name":"handleSubmit","decl":{"start":{"line":13,"column":17},"end":{"line":13,"column":null}},"loc":{"start":{"line":13,"column":17},"end":{"line":31,"column":null}}},"2":{"name":"(anonymous_4)","decl":{"start":{"line":43,"column":20},"end":{"line":43,"column":21}},"loc":{"start":{"line":43,"column":27},"end":{"line":43,"column":null}}},"3":{"name":"(anonymous_5)","decl":{"start":{"line":52,"column":20},"end":{"line":52,"column":21}},"loc":{"start":{"line":52,"column":27},"end":{"line":52,"column":null}}},"4":{"name":"(anonymous_6)","decl":{"start":{"line":55,"column":21},"end":{"line":55,"column":22}},"loc":{"start":{"line":55,"column":28},"end":{"line":55,"column":null}}}},"branchMap":{"0":{"loc":{"start":{"line":15,"column":4},"end":{"line":15,"column":null}},"type":"if","locations":[{"start":{"line":15,"column":4},"end":{"line":15,"column":null}},{"start":{},"end":{}}]},"1":{"loc":{"start":{"line":15,"column":8},"end":{"line":15,"column":26}},"type":"binary-expr","locations":[{"start":{"line":15,"column":8},"end":{"line":15,"column":18}},{"start":{"line":15,"column":18},"end":{"line":15,"column":26}}]},"2":{"loc":{"start":{"line":24,"column":6},"end":{"line":24,"column":null}},"type":"if","locations":[{"start":{"line":24,"column":6},"end":{"line":24,"column":null}},{"start":{},"end":{}}]},"3":{"loc":{"start":{"line":24,"column":29},"end":{"line":24,"column":63}},"type":"binary-expr","locations":[{"start":{"line":24,"column":29},"end":{"line":24,"column":39}},{"start":{"line":24,"column":43},"end":{"line":24,"column":63}}]},"4":{"loc":{"start":{"line":55,"column":28},"end":{"line":55,"column":null}},"type":"binary-expr","locations":[{"start":{"line":55,"column":28},"end":{"line":55,"column":49}},{"start":{"line":55,"column":49},"end":{"line":55,"column":null}}]},"5":{"loc":{"start":{"line":58,"column":9},"end":{"line":58,"column":17}},"type":"binary-expr","locations":[{"start":{"line":58,"column":9},"end":{"line":58,"column":17}}]},"6":{"loc":{"start":{"line":63,"column":11},"end":{"line":63,"column":null}},"type":"cond-expr","locations":[{"start":{"line":63,"column":21},"end":{"line":63,"column":37}},{"start":{"line":63,"column":37},"end":{"line":63,"column":null}}]}},"s":{"0":13,"1":1,"2":1,"3":1,"4":99,"5":99,"6":99,"7":99,"8":99,"9":5,"10":5,"11":2,"12":2,"13":3,"14":3,"15":3,"16":3,"17":3,"18":1,"19":1,"20":2,"21":0,"22":3,"23":52,"24":27,"25":27,"26":1},"f":{"0":99,"1":5,"2":52,"3":27,"4":27},"b":{"0":[2,3],"1":[5,4],"2":[1,2],"3":[1,0],"4":[27,0],"5":[99],"6":[3,96]}}
,"C:\\Users\\Pichau\\Documents\\TADS\\sems6\\tcc\\code\\readnext-nextjs\\src\\app\\meus-livros\\page.tsx": {"path":"C:\\Users\\Pichau\\Documents\\TADS\\sems6\\tcc\\code\\readnext-nextjs\\src\\app\\meus-livros\\page.tsx","statementMap":{"0":{"start":{"line":33,"column":24},"end":{"line":33,"column":null}},"1":{"start":{"line":2,"column":36},"end":{"line":2,"column":null}},"2":{"start":{"line":3,"column":26},"end":{"line":3,"column":null}},"3":{"start":{"line":4,"column":23},"end":{"line":4,"column":null}},"4":{"start":{"line":24,"column":46},"end":{"line":29,"column":null}},"5":{"start":{"line":31,"column":23},"end":{"line":31,"column":null}},"6":{"start":{"line":34,"column":17},"end":{"line":34,"column":null}},"7":{"start":{"line":35,"column":44},"end":{"line":35,"column":null}},"8":{"start":{"line":36,"column":44},"end":{"line":36,"column":null}},"9":{"start":{"line":37,"column":44},"end":{"line":37,"column":null}},"10":{"start":{"line":40,"column":44},"end":{"line":40,"column":null}},"11":{"start":{"line":41,"column":44},"end":{"line":41,"column":null}},"12":{"start":{"line":42,"column":44},"end":{"line":42,"column":null}},"13":{"start":{"line":43,"column":44},"end":{"line":43,"column":null}},"14":{"start":{"line":44,"column":44},"end":{"line":44,"column":null}},"15":{"start":{"line":47,"column":44},"end":{"line":47,"column":null}},"16":{"start":{"line":50,"column":50},"end":{"line":50,"column":null}},"17":{"start":{"line":51,"column":50},"end":{"line":51,"column":null}},"18":{"start":{"line":53,"column":28},"end":{"line":53,"column":null}},"19":{"start":{"line":55,"column":2},"end":{"line":55,"column":null}},"20":{"start":{"line":55,"column":20},"end":{"line":55,"column":28}},"21":{"start":{"line":58,"column":4},"end":{"line":58,"column":null}},"22":{"start":{"line":59,"column":4},"end":{"line":59,"column":null}},"23":{"start":{"line":59,"column":21},"end":{"line":59,"column":37}},"24":{"start":{"line":63,"column":18},"end":{"line":63,"column":null}},"25":{"start":{"line":64,"column":4},"end":{"line":64,"column":null}},"26":{"start":{"line":64,"column":21},"end":{"line":64,"column":44}},"27":{"start":{"line":64,"column":44},"end":{"line":64,"column":52}},"28":{"start":{"line":65,"column":16},"end":{"line":65,"column":null}},"29":{"start":{"line":66,"column":4},"end":{"line":66,"column":null}},"30":{"start":{"line":66,"column":16},"end":{"line":66,"column":null}},"31":{"start":{"line":67,"column":4},"end":{"line":67,"column":null}},"32":{"start":{"line":72,"column":4},"end":{"line":78,"column":null}},"33":{"start":{"line":80,"column":4},"end":{"line":100,"column":null}},"34":{"start":{"line":81,"column":19},"end":{"line":82,"column":null}},"35":{"start":{"line":84,"column":19},"end":{"line":84,"column":null}},"36":{"start":{"line":85,"column":19},"end":{"line":85,"column":null}},"37":{"start":{"line":86,"column":6},"end":{"line":94,"column":null}},"38":{"start":{"line":96,"column":6},"end":{"line":98,"column":null}},"39":{"start":{"line":96,"column":28},"end":{"line":98,"column":null}},"40":{"start":{"line":105,"column":4},"end":{"line":105,"column":null}},"41":{"start":{"line":105,"column":21},"end":{"line":105,"column":null}},"42":{"start":{"line":106,"column":4},"end":{"line":106,"column":null}},"43":{"start":{"line":107,"column":4},"end":{"line":130,"column":null}},"44":{"start":{"line":108,"column":18},"end":{"line":116,"column":null}},"45":{"start":{"line":117,"column":19},"end":{"line":117,"column":null}},"46":{"start":{"line":119,"column":6},"end":{"line":119,"column":null}},"47":{"start":{"line":119,"column":21},"end":{"line":119,"column":73}},"48":{"start":{"line":119,"column":73},"end":{"line":119,"column":81}},"49":{"start":{"line":121,"column":6},"end":{"line":121,"column":null}},"50":{"start":{"line":123,"column":6},"end":{"line":123,"column":null}},"51":{"start":{"line":124,"column":6},"end":{"line":124,"column":null}},"52":{"start":{"line":125,"column":6},"end":{"line":125,"column":null}},"53":{"start":{"line":127,"column":6},"end":{"line":127,"column":null}},"54":{"start":{"line":129,"column":6},"end":{"line":129,"column":null}},"55":{"start":{"line":135,"column":4},"end":{"line":135,"column":null}},"56":{"start":{"line":135,"column":27},"end":{"line":135,"column":null}},"57":{"start":{"line":136,"column":4},"end":{"line":136,"column":null}},"58":{"start":{"line":137,"column":4},"end":{"line":153,"column":null}},"59":{"start":{"line":138,"column":18},"end":{"line":140,"column":null}},"60":{"start":{"line":141,"column":6},"end":{"line":145,"column":null}},"61":{"start":{"line":142,"column":21},"end":{"line":142,"column":null}},"62":{"start":{"line":143,"column":8},"end":{"line":143,"column":null}},"63":{"start":{"line":144,"column":8},"end":{"line":144,"column":null}},"64":{"start":{"line":146,"column":6},"end":{"line":146,"column":null}},"65":{"start":{"line":147,"column":6},"end":{"line":147,"column":null}},"66":{"start":{"line":148,"column":6},"end":{"line":148,"column":null}},"67":{"start":{"line":150,"column":6},"end":{"line":150,"column":null}},"68":{"start":{"line":152,"column":6},"end":{"line":152,"column":null}},"69":{"start":{"line":156,"column":21},"end":{"line":162,"column":null}},"70":{"start":{"line":165,"column":4},"end":{"line":165,"column":null}},"71":{"start":{"line":165,"column":55},"end":{"line":165,"column":null}},"72":{"start":{"line":167,"column":45},"end":{"line":171,"column":null}},"73":{"start":{"line":179,"column":50},"end":{"line":179,"column":77}},"74":{"start":{"line":181,"column":14},"end":{"line":181,"column":34}},"75":{"start":{"line":200,"column":12},"end":{"line":200,"column":32}},"76":{"start":{"line":204,"column":31},"end":{"line":204,"column":null}},"77":{"start":{"line":246,"column":20},"end":{"line":246,"column":null}},"78":{"start":{"line":247,"column":20},"end":{"line":247,"column":null}},"79":{"start":{"line":248,"column":20},"end":{"line":248,"column":null}},"80":{"start":{"line":255,"column":33},"end":{"line":255,"column":null}},"81":{"start":{"line":269,"column":27},"end":{"line":269,"column":null}},"82":{"start":{"line":274,"column":29},"end":{"line":274,"column":null}},"83":{"start":{"line":316,"column":27},"end":{"line":316,"column":null}},"84":{"start":{"line":334,"column":35},"end":{"line":334,"column":null}},"85":{"start":{"line":338,"column":20},"end":{"line":338,"column":36}},"86":{"start":{"line":349,"column":16},"end":{"line":350,"column":null}},"87":{"start":{"line":351,"column":38},"end":{"line":351,"column":null}},"88":{"start":{"line":352,"column":38},"end":{"line":352,"column":null}},"89":{"start":{"line":353,"column":33},"end":{"line":353,"column":null}},"90":{"start":{"line":375,"column":27},"end":{"line":375,"column":null}},"91":{"start":{"line":387,"column":31},"end":{"line":387,"column":null}},"92":{"start":{"line":415,"column":52},"end":{"line":503,"column":null}}},"fnMap":{"0":{"name":"MeusLivrosPage","decl":{"start":{"line":33,"column":24},"end":{"line":33,"column":null}},"loc":{"start":{"line":33,"column":24},"end":{"line":413,"column":null}}},"1":{"name":"(anonymous_3)","decl":{"start":{"line":55,"column":12},"end":{"line":55,"column":20}},"loc":{"start":{"line":55,"column":12},"end":{"line":55,"column":31}}},"2":{"name":"showToast","decl":{"start":{"line":57,"column":11},"end":{"line":57,"column":21}},"loc":{"start":{"line":57,"column":69},"end":{"line":60,"column":null}}},"3":{"name":"(anonymous_5)","decl":{"start":{"line":59,"column":15},"end":{"line":59,"column":21}},"loc":{"start":{"line":59,"column":21},"end":{"line":59,"column":37}}},"4":{"name":"load","decl":{"start":{"line":62,"column":17},"end":{"line":62,"column":null}},"loc":{"start":{"line":62,"column":17},"end":{"line":68,"column":null}}},"5":{"name":"abrirDetalhes","decl":{"start":{"line":71,"column":17},"end":{"line":71,"column":31}},"loc":{"start":{"line":71,"column":43},"end":{"line":101,"column":null}}},"6":{"name":"(anonymous_8)","decl":{"start":{"line":96,"column":18},"end":{"line":96,"column":19}},"loc":{"start":{"line":96,"column":28},"end":{"line":98,"column":null}}},"7":{"name":"confirmarStatus","decl":{"start":{"line":104,"column":17},"end":{"line":104,"column":null}},"loc":{"start":{"line":104,"column":17},"end":{"line":131,"column":null}}},"8":{"name":"confirmarRemocao","decl":{"start":{"line":134,"column":17},"end":{"line":134,"column":null}},"loc":{"start":{"line":134,"column":17},"end":{"line":154,"column":null}}},"9":{"name":"(anonymous_11)","decl":{"start":{"line":165,"column":48},"end":{"line":165,"column":49}},"loc":{"start":{"line":165,"column":55},"end":{"line":165,"column":null}}},"10":{"name":"(anonymous_12)","decl":{"start":{"line":179,"column":43},"end":{"line":179,"column":44}},"loc":{"start":{"line":179,"column":50},"end":{"line":179,"column":77}}},"11":{"name":"(anonymous_13)","decl":{"start":{"line":180,"column":28},"end":{"line":180,"column":29}},"loc":{"start":{"line":181,"column":14},"end":{"line":181,"column":34}}},"12":{"name":"(anonymous_14)","decl":{"start":{"line":199,"column":31},"end":{"line":199,"column":32}},"loc":{"start":{"line":200,"column":12},"end":{"line":200,"column":32}}},"13":{"name":"(anonymous_15)","decl":{"start":{"line":204,"column":25},"end":{"line":204,"column":31}},"loc":{"start":{"line":204,"column":31},"end":{"line":204,"column":null}}},"14":{"name":"(anonymous_16)","decl":{"start":{"line":245,"column":27},"end":{"line":245,"column":null}},"loc":{"start":{"line":245,"column":27},"end":{"line":249,"column":null}}},"15":{"name":"(anonymous_17)","decl":{"start":{"line":255,"column":27},"end":{"line":255,"column":33}},"loc":{"start":{"line":255,"column":33},"end":{"line":255,"column":null}}},"16":{"name":"(anonymous_18)","decl":{"start":{"line":269,"column":21},"end":{"line":269,"column":27}},"loc":{"start":{"line":269,"column":27},"end":{"line":269,"column":null}}},"17":{"name":"(anonymous_19)","decl":{"start":{"line":274,"column":23},"end":{"line":274,"column":29}},"loc":{"start":{"line":274,"column":29},"end":{"line":274,"column":null}}},"18":{"name":"(anonymous_20)","decl":{"start":{"line":316,"column":21},"end":{"line":316,"column":27}},"loc":{"start":{"line":316,"column":27},"end":{"line":316,"column":null}}},"19":{"name":"(anonymous_21)","decl":{"start":{"line":334,"column":28},"end":{"line":334,"column":29}},"loc":{"start":{"line":334,"column":35},"end":{"line":334,"column":null}}},"20":{"name":"(anonymous_22)","decl":{"start":{"line":337,"column":38},"end":{"line":337,"column":39}},"loc":{"start":{"line":338,"column":20},"end":{"line":338,"column":36}}},"21":{"name":"(anonymous_23)","decl":{"start":{"line":348,"column":35},"end":{"line":348,"column":36}},"loc":{"start":{"line":349,"column":16},"end":{"line":350,"column":null}}},"22":{"name":"(anonymous_24)","decl":{"start":{"line":351,"column":32},"end":{"line":351,"column":38}},"loc":{"start":{"line":351,"column":38},"end":{"line":351,"column":null}}},"23":{"name":"(anonymous_25)","decl":{"start":{"line":352,"column":32},"end":{"line":352,"column":38}},"loc":{"start":{"line":352,"column":38},"end":{"line":352,"column":null}}},"24":{"name":"(anonymous_26)","decl":{"start":{"line":353,"column":27},"end":{"line":353,"column":33}},"loc":{"start":{"line":353,"column":33},"end":{"line":353,"column":null}}},"25":{"name":"(anonymous_27)","decl":{"start":{"line":375,"column":21},"end":{"line":375,"column":27}},"loc":{"start":{"line":375,"column":27},"end":{"line":375,"column":null}}},"26":{"name":"(anonymous_28)","decl":{"start":{"line":387,"column":25},"end":{"line":387,"column":31}},"loc":{"start":{"line":387,"column":31},"end":{"line":387,"column":null}}}},"branchMap":{"0":{"loc":{"start":{"line":57,"column":34},"end":{"line":57,"column":69}},"type":"default-arg","locations":[{"start":{"line":57,"column":65},"end":{"line":57,"column":69}}]},"1":{"loc":{"start":{"line":64,"column":4},"end":{"line":64,"column":null}},"type":"if","locations":[{"start":{"line":64,"column":4},"end":{"line":64,"column":null}},{"start":{},"end":{}}]},"2":{"loc":{"start":{"line":66,"column":4},"end":{"line":66,"column":null}},"type":"if","locations":[{"start":{"line":66,"column":4},"end":{"line":66,"column":null}},{"start":{},"end":{}}]},"3":{"loc":{"start":{"line":85,"column":19},"end":{"line":85,"column":null}},"type":"binary-expr","locations":[{"start":{"line":85,"column":19},"end":{"line":85,"column":34}},{"start":{"line":85,"column":38},"end":{"line":85,"column":null}}]},"4":{"loc":{"start":{"line":87,"column":20},"end":{"line":87,"column":49}},"type":"binary-expr","locations":[{"start":{"line":87,"column":20},"end":{"line":87,"column":30}},{"start":{"line":87,"column":37},"end":{"line":87,"column":49}}]},"5":{"loc":{"start":{"line":88,"column":20},"end":{"line":88,"column":50}},"type":"binary-expr","locations":[{"start":{"line":88,"column":20},"end":{"line":88,"column":32}},{"start":{"line":88,"column":37},"end":{"line":88,"column":50}}]},"6":{"loc":{"start":{"line":89,"column":20},"end":{"line":89,"column":92}},"type":"binary-expr","locations":[{"start":{"line":89,"column":20},"end":{"line":89,"column":78}},{"start":{"line":89,"column":78},"end":{"line":89,"column":92}}]},"7":{"loc":{"start":{"line":90,"column":20},"end":{"line":92,"column":null}},"type":"cond-expr","locations":[{"start":{"line":91,"column":12},"end":{"line":91,"column":53}},{"start":{"line":92,"column":12},"end":{"line":92,"column":null}}]},"8":{"loc":{"start":{"line":96,"column":28},"end":{"line":98,"column":null}},"type":"cond-expr","locations":[{"start":{"line":97,"column":10},"end":{"line":97,"column":null}},{"start":{"line":98,"column":10},"end":{"line":98,"column":null}}]},"9":{"loc":{"start":{"line":105,"column":4},"end":{"line":105,"column":null}},"type":"if","locations":[{"start":{"line":105,"column":4},"end":{"line":105,"column":null}},{"start":{},"end":{}}]},"10":{"loc":{"start":{"line":114,"column":21},"end":{"line":114,"column":null}},"type":"binary-expr","locations":[{"start":{"line":114,"column":21},"end":{"line":114,"column":33}},{"start":{"line":114,"column":33},"end":{"line":114,"column":null}}]},"11":{"loc":{"start":{"line":119,"column":6},"end":{"line":119,"column":null}},"type":"if","locations":[{"start":{"line":119,"column":6},"end":{"line":119,"column":null}},{"start":{},"end":{}}]},"12":{"loc":{"start":{"line":119,"column":31},"end":{"line":119,"column":64}},"type":"binary-expr","locations":[{"start":{"line":119,"column":31},"end":{"line":119,"column":41}},{"start":{"line":119,"column":45},"end":{"line":119,"column":64}}]},"13":{"loc":{"start":{"line":135,"column":4},"end":{"line":135,"column":null}},"type":"if","locations":[{"start":{"line":135,"column":4},"end":{"line":135,"column":null}},{"start":{},"end":{}}]},"14":{"loc":{"start":{"line":141,"column":6},"end":{"line":145,"column":null}},"type":"if","locations":[{"start":{"line":141,"column":6},"end":{"line":145,"column":null}},{"start":{},"end":{}}]},"15":{"loc":{"start":{"line":143,"column":18},"end":{"line":143,"column":52}},"type":"binary-expr","locations":[{"start":{"line":143,"column":18},"end":{"line":143,"column":28}},{"start":{"line":143,"column":32},"end":{"line":143,"column":52}}]},"16":{"loc":{"start":{"line":165,"column":4},"end":{"line":165,"column":null}},"type":"cond-expr","locations":[{"start":{"line":165,"column":25},"end":{"line":165,"column":34}},{"start":{"line":165,"column":34},"end":{"line":165,"column":null}}]},"17":{"loc":{"start":{"line":186,"column":9},"end":{"line":186,"column":null}},"type":"binary-expr","locations":[{"start":{"line":186,"column":9},"end":{"line":186,"column":null}}]},"18":{"loc":{"start":{"line":192,"column":9},"end":{"line":192,"column":21}},"type":"binary-expr","locations":[{"start":{"line":192,"column":9},"end":{"line":192,"column":21}},{"start":{"line":192,"column":21},"end":{"line":192,"column":null}}]},"19":{"loc":{"start":{"line":210,"column":18},"end":{"line":216,"column":19}},"type":"cond-expr","locations":[{"start":{"line":210,"column":18},"end":{"line":216,"column":19}}]},"20":{"loc":{"start":{"line":230,"column":42},"end":{"line":230,"column":null}},"type":"binary-expr","locations":[{"start":{"line":230,"column":42},"end":{"line":230,"column":71}},{"start":{"line":230,"column":71},"end":{"line":230,"column":null}}]},"21":{"loc":{"start":{"line":231,"column":17},"end":{"line":235,"column":null}},"type":"cond-expr","locations":[{"start":{"line":232,"column":18},"end":{"line":235,"column":null}},{"start":{"line":235,"column":20},"end":{"line":235,"column":null}}]},"22":{"loc":{"start":{"line":241,"column":19},"end":{"line":241,"column":62}},"type":"binary-expr","locations":[{"start":{"line":241,"column":19},"end":{"line":241,"column":46}},{"start":{"line":241,"column":50},"end":{"line":241,"column":62}}]},"23":{"loc":{"start":{"line":248,"column":32},"end":{"line":248,"column":null}},"type":"binary-expr","locations":[{"start":{"line":248,"column":32},"end":{"line":248,"column":47}},{"start":{"line":248,"column":51},"end":{"line":248,"column":null}}]},"24":{"loc":{"start":{"line":266,"column":7},"end":{"line":266,"column":null}},"type":"binary-expr","locations":[{"start":{"line":266,"column":7},"end":{"line":266,"column":null}}]},"25":{"loc":{"start":{"line":281,"column":16},"end":{"line":287,"column":17}},"type":"cond-expr","locations":[{"start":{"line":281,"column":16},"end":{"line":287,"column":17}}]},"26":{"loc":{"start":{"line":297,"column":16},"end":{"line":301,"column":null}},"type":"cond-expr","locations":[{"start":{"line":297,"column":16},"end":{"line":301,"column":null}}]},"27":{"loc":{"start":{"line":312,"column":7},"end":{"line":312,"column":null}},"type":"binary-expr","locations":[{"start":{"line":312,"column":7},"end":{"line":312,"column":null}}]},"28":{"loc":{"start":{"line":316,"column":27},"end":{"line":316,"column":null}},"type":"binary-expr","locations":[{"start":{"line":316,"column":27},"end":{"line":316,"column":40}},{"start":{"line":316,"column":40},"end":{"line":316,"column":null}}]},"29":{"loc":{"start":{"line":323,"column":20},"end":{"line":324,"column":21}},"type":"cond-expr","locations":[{"start":{"line":323,"column":20},"end":{"line":324,"column":21}}]},"30":{"loc":{"start":{"line":353,"column":45},"end":{"line":353,"column":null}},"type":"cond-expr","locations":[{"start":{"line":353,"column":62},"end":{"line":353,"column":66}},{"start":{"line":353,"column":66},"end":{"line":353,"column":null}}]},"31":{"loc":{"start":{"line":354,"column":45},"end":{"line":354,"column":63}},"type":"cond-expr","locations":[{"start":{"line":354,"column":53},"end":{"line":354,"column":59}},{"start":{"line":354,"column":59},"end":{"line":354,"column":63}}]},"32":{"loc":{"start":{"line":355,"column":103},"end":{"line":355,"column":162}},"type":"cond-expr","locations":[{"start":{"line":355,"column":134},"end":{"line":355,"column":151}},{"start":{"line":355,"column":151},"end":{"line":355,"column":162}}]},"33":{"loc":{"start":{"line":355,"column":109},"end":{"line":355,"column":129}},"type":"binary-expr","locations":[{"start":{"line":355,"column":109},"end":{"line":355,"column":122}},{"start":{"line":355,"column":122},"end":{"line":355,"column":129}}]},"34":{"loc":{"start":{"line":363,"column":56},"end":{"line":363,"column":75}},"type":"cond-expr","locations":[{"start":{"line":363,"column":67},"end":{"line":363,"column":73}},{"start":{"line":363,"column":73},"end":{"line":363,"column":75}}]},"35":{"loc":{"start":{"line":365,"column":15},"end":{"line":365,"column":null}},"type":"cond-expr","locations":[{"start":{"line":365,"column":26},"end":{"line":365,"column":42}},{"start":{"line":365,"column":42},"end":{"line":365,"column":null}}]},"36":{"loc":{"start":{"line":372,"column":7},"end":{"line":372,"column":null}},"type":"binary-expr","locations":[{"start":{"line":372,"column":7},"end":{"line":372,"column":null}}]},"37":{"loc":{"start":{"line":375,"column":27},"end":{"line":375,"column":null}},"type":"binary-expr","locations":[{"start":{"line":375,"column":27},"end":{"line":375,"column":41}},{"start":{"line":375,"column":41},"end":{"line":375,"column":null}}]},"38":{"loc":{"start":{"line":398,"column":17},"end":{"line":398,"column":null}},"type":"cond-expr","locations":[{"start":{"line":398,"column":29},"end":{"line":398,"column":46}},{"start":{"line":398,"column":46},"end":{"line":398,"column":null}}]},"39":{"loc":{"start":{"line":406,"column":7},"end":{"line":406,"column":null}},"type":"binary-expr","locations":[{"start":{"line":406,"column":7},"end":{"line":406,"column":null}}]}},"s":{"0":19,"1":1,"2":1,"3":1,"4":1,"5":1,"6":53,"7":53,"8":53,"9":53,"10":53,"11":53,"12":53,"13":53,"14":53,"15":53,"16":53,"17":53,"18":53,"19":53,"20":19,"21":2,"22":2,"23":0,"24":21,"25":21,"26":0,"27":0,"28":21,"29":21,"30":21,"31":21,"32":0,"33":0,"34":0,"35":0,"36":0,"37":0,"38":0,"39":0,"40":1,"41":0,"42":1,"43":1,"44":1,"45":1,"46":1,"47":0,"48":0,"49":1,"50":1,"51":1,"52":1,"53":0,"54":1,"55":1,"56":0,"57":1,"58":1,"59":1,"60":1,"61":0,"62":0,"63":0,"64":1,"65":1,"66":1,"67":0,"68":1,"69":53,"70":53,"71":6,"72":53,"73":2,"74":265,"75":94,"76":0,"77":5,"78":5,"79":5,"80":4,"81":0,"82":0,"83":1,"84":0,"85":24,"86":30,"87":0,"88":0,"89":0,"90":0,"91":1,"92":1},"f":{"0":53,"1":19,"2":2,"3":0,"4":21,"5":0,"6":0,"7":1,"8":1,"9":6,"10":2,"11":265,"12":94,"13":0,"14":5,"15":4,"16":0,"17":0,"18":1,"19":0,"20":24,"21":30,"22":0,"23":0,"24":0,"25":0,"26":1},"b":{"0":[0],"1":[0,21],"2":[21,0],"3":[0,0],"4":[0,0],"5":[0,0],"6":[0,0],"7":[0,0],"8":[0,0],"9":[0,1],"10":[1,1],"11":[0,1],"12":[0,0],"13":[0,1],"14":[0,1],"15":[0,0],"16":[51,2],"17":[53],"18":[53,34],"19":[0],"20":[94,0],"21":[32,62],"22":[94,0],"23":[5,5],"24":[53],"25":[0],"26":[0],"27":[53],"28":[1,1],"29":[0],"30":[0,0],"31":[24,6],"32":[0,30],"33":[30,30],"34":[1,5],"35":[1,5],"36":[53],"37":[0,0],"38":[1,4],"39":[53]}}
,"C:\\Users\\Pichau\\Documents\\TADS\\sems6\\tcc\\code\\readnext-nextjs\\src\\app\\profile\\page.tsx": {"path":"C:\\Users\\Pichau\\Documents\\TADS\\sems6\\tcc\\code\\readnext-nextjs\\src\\app\\profile\\page.tsx","statementMap":{"0":{"start":{"line":13,"column":24},"end":{"line":13,"column":null}},"1":{"start":{"line":8,"column":16},"end":{"line":8,"column":28}},"2":{"start":{"line":2,"column":36},"end":{"line":2,"column":null}},"3":{"start":{"line":3,"column":26},"end":{"line":3,"column":null}},"4":{"start":{"line":4,"column":23},"end":{"line":4,"column":null}},"5":{"start":{"line":5,"column":25},"end":{"line":5,"column":null}},"6":{"start":{"line":9,"column":2},"end":{"line":9,"column":null}},"7":{"start":{"line":9,"column":20},"end":{"line":9,"column":null}},"8":{"start":{"line":10,"column":2},"end":{"line":10,"column":null}},"9":{"start":{"line":14,"column":17},"end":{"line":14,"column":null}},"10":{"start":{"line":15,"column":36},"end":{"line":15,"column":null}},"11":{"start":{"line":16,"column":36},"end":{"line":16,"column":null}},"12":{"start":{"line":17,"column":36},"end":{"line":17,"column":null}},"13":{"start":{"line":18,"column":36},"end":{"line":18,"column":null}},"14":{"start":{"line":19,"column":36},"end":{"line":19,"column":null}},"15":{"start":{"line":20,"column":36},"end":{"line":20,"column":null}},"16":{"start":{"line":21,"column":36},"end":{"line":21,"column":null}},"17":{"start":{"line":22,"column":36},"end":{"line":22,"column":null}},"18":{"start":{"line":24,"column":2},"end":{"line":40,"column":null}},"19":{"start":{"line":26,"column":6},"end":{"line":37,"column":null}},"20":{"start":{"line":27,"column":20},"end":{"line":27,"column":null}},"21":{"start":{"line":28,"column":8},"end":{"line":28,"column":null}},"22":{"start":{"line":28,"column":23},"end":{"line":28,"column":46}},"23":{"start":{"line":28,"column":46},"end":{"line":28,"column":54}},"24":{"start":{"line":29,"column":21},"end":{"line":29,"column":null}},"25":{"start":{"line":30,"column":8},"end":{"line":30,"column":null}},"26":{"start":{"line":31,"column":8},"end":{"line":31,"column":null}},"27":{"start":{"line":32,"column":8},"end":{"line":32,"column":null}},"28":{"start":{"line":34,"column":8},"end":{"line":34,"column":null}},"29":{"start":{"line":36,"column":8},"end":{"line":36,"column":null}},"30":{"start":{"line":39,"column":4},"end":{"line":39,"column":null}},"31":{"start":{"line":43,"column":4},"end":{"line":43,"column":null}},"32":{"start":{"line":44,"column":4},"end":{"line":44,"column":null}},"33":{"start":{"line":46,"column":26},"end":{"line":46,"column":null}},"34":{"start":{"line":47,"column":4},"end":{"line":50,"column":null}},"35":{"start":{"line":48,"column":6},"end":{"line":48,"column":null}},"36":{"start":{"line":49,"column":6},"end":{"line":49,"column":null}},"37":{"start":{"line":52,"column":4},"end":{"line":52,"column":null}},"38":{"start":{"line":54,"column":4},"end":{"line":76,"column":null}},"39":{"start":{"line":55,"column":6},"end":{"line":69,"column":null}},"40":{"start":{"line":56,"column":26},"end":{"line":60,"column":null}},"41":{"start":{"line":61,"column":8},"end":{"line":65,"column":null}},"42":{"start":{"line":62,"column":20},"end":{"line":62,"column":null}},"43":{"start":{"line":63,"column":10},"end":{"line":63,"column":null}},"44":{"start":{"line":64,"column":10},"end":{"line":64,"column":null}},"45":{"start":{"line":66,"column":18},"end":{"line":66,"column":null}},"46":{"start":{"line":67,"column":8},"end":{"line":67,"column":null}},"47":{"start":{"line":68,"column":8},"end":{"line":68,"column":null}},"48":{"start":{"line":71,"column":6},"end":{"line":71,"column":null}},"49":{"start":{"line":73,"column":6},"end":{"line":73,"column":null}},"50":{"start":{"line":75,"column":6},"end":{"line":75,"column":null}},"51":{"start":{"line":79,"column":2},"end":{"line":87,"column":null}},"52":{"start":{"line":109,"column":29},"end":{"line":109,"column":null}},"53":{"start":{"line":153,"column":52},"end":{"line":215,"column":null}}},"fnMap":{"0":{"name":"validarNome","decl":{"start":{"line":8,"column":16},"end":{"line":8,"column":28}},"loc":{"start":{"line":8,"column":40},"end":{"line":11,"column":null}}},"1":{"name":"ProfilePage","decl":{"start":{"line":13,"column":24},"end":{"line":13,"column":null}},"loc":{"start":{"line":13,"column":24},"end":{"line":151,"column":null}}},"2":{"name":"(anonymous_6)","decl":{"start":{"line":24,"column":12},"end":{"line":24,"column":null}},"loc":{"start":{"line":24,"column":12},"end":{"line":40,"column":5}}},"3":{"name":"load","decl":{"start":{"line":25,"column":19},"end":{"line":25,"column":null}},"loc":{"start":{"line":25,"column":19},"end":{"line":38,"column":null}}},"4":{"name":"salvar","decl":{"start":{"line":42,"column":17},"end":{"line":42,"column":null}},"loc":{"start":{"line":42,"column":17},"end":{"line":77,"column":null}}},"5":{"name":"(anonymous_9)","decl":{"start":{"line":109,"column":22},"end":{"line":109,"column":23}},"loc":{"start":{"line":109,"column":29},"end":{"line":109,"column":null}}}},"branchMap":{"0":{"loc":{"start":{"line":9,"column":2},"end":{"line":9,"column":null}},"type":"if","locations":[{"start":{"line":9,"column":2},"end":{"line":9,"column":null}},{"start":{},"end":{}}]},"1":{"loc":{"start":{"line":28,"column":8},"end":{"line":28,"column":null}},"type":"if","locations":[{"start":{"line":28,"column":8},"end":{"line":28,"column":null}},{"start":{},"end":{}}]},"2":{"loc":{"start":{"line":30,"column":16},"end":{"line":30,"column":null}},"type":"binary-expr","locations":[{"start":{"line":30,"column":16},"end":{"line":30,"column":25}},{"start":{"line":30,"column":31},"end":{"line":30,"column":null}}]},"3":{"loc":{"start":{"line":31,"column":17},"end":{"line":31,"column":null}},"type":"binary-expr","locations":[{"start":{"line":31,"column":17},"end":{"line":31,"column":27}},{"start":{"line":31,"column":31},"end":{"line":31,"column":null}}]},"4":{"loc":{"start":{"line":32,"column":21},"end":{"line":32,"column":null}},"type":"binary-expr","locations":[{"start":{"line":32,"column":21},"end":{"line":32,"column":34}},{"start":{"line":32,"column":38},"end":{"line":32,"column":null}}]},"5":{"loc":{"start":{"line":47,"column":4},"end":{"line":50,"column":null}},"type":"if","locations":[{"start":{"line":47,"column":4},"end":{"line":50,"column":null}},{"start":{},"end":{}}]},"6":{"loc":{"start":{"line":55,"column":6},"end":{"line":69,"column":null}},"type":"if","locations":[{"start":{"line":55,"column":6},"end":{"line":69,"column":null}},{"start":{},"end":{}}]},"7":{"loc":{"start":{"line":61,"column":8},"end":{"line":65,"column":null}},"type":"if","locations":[{"start":{"line":61,"column":8},"end":{"line":65,"column":null}},{"start":{},"end":{}}]},"8":{"loc":{"start":{"line":63,"column":18},"end":{"line":63,"column":null}},"type":"binary-expr","locations":[{"start":{"line":63,"column":18},"end":{"line":63,"column":25}},{"start":{"line":63,"column":29},"end":{"line":63,"column":null}}]},"9":{"loc":{"start":{"line":79,"column":2},"end":{"line":87,"column":null}},"type":"if","locations":[{"start":{"line":79,"column":2},"end":{"line":87,"column":null}},{"start":{},"end":{}}]},"10":{"loc":{"start":{"line":127,"column":11},"end":{"line":127,"column":null}},"type":"binary-expr","locations":[{"start":{"line":127,"column":11},"end":{"line":127,"column":null}}]},"11":{"loc":{"start":{"line":134,"column":11},"end":{"line":134,"column":null}},"type":"binary-expr","locations":[{"start":{"line":134,"column":11},"end":{"line":134,"column":null}}]},"12":{"loc":{"start":{"line":143,"column":45},"end":{"line":143,"column":64}},"type":"cond-expr","locations":[{"start":{"line":143,"column":56},"end":{"line":143,"column":62}},{"start":{"line":143,"column":62},"end":{"line":143,"column":64}}]},"13":{"loc":{"start":{"line":145,"column":13},"end":{"line":145,"column":null}},"type":"cond-expr","locations":[{"start":{"line":145,"column":24},"end":{"line":145,"column":40}},{"start":{"line":145,"column":40},"end":{"line":145,"column":null}}]}},"s":{"0":9,"1":3,"2":1,"3":1,"4":1,"5":1,"6":5,"7":2,"8":3,"9":26,"10":26,"11":26,"12":26,"13":26,"14":26,"15":26,"16":26,"17":26,"18":26,"19":21,"20":21,"21":20,"22":0,"23":0,"24":20,"25":20,"26":20,"27":20,"28":0,"29":20,"30":21,"31":2,"32":2,"33":2,"34":2,"35":0,"36":0,"37":2,"38":2,"39":2,"40":1,"41":1,"42":0,"43":0,"44":0,"45":1,"46":1,"47":1,"48":2,"49":0,"50":2,"51":26,"52":0,"53":1},"f":{"0":5,"1":26,"2":21,"3":21,"4":2,"5":0},"b":{"0":[2,3],"1":[0,20],"2":[20,0],"3":[20,0],"4":[20,18],"5":[0,2],"6":[1,1],"7":[0,1],"8":[0,0],"9":[9,17],"10":[17],"11":[17],"12":[1,16],"13":[1,16]}}
,"C:\\Users\\Pichau\\Documents\\TADS\\sems6\\tcc\\code\\readnext-nextjs\\src\\app\\register\\page.tsx": {"path":"C:\\Users\\Pichau\\Documents\\TADS\\sems6\\tcc\\code\\readnext-nextjs\\src\\app\\register\\page.tsx","statementMap":{"0":{"start":{"line":7,"column":24},"end":{"line":7,"column":null}},"1":{"start":{"line":2,"column":25},"end":{"line":2,"column":null}},"2":{"start":{"line":3,"column":26},"end":{"line":3,"column":null}},"3":{"start":{"line":4,"column":17},"end":{"line":4,"column":null}},"4":{"start":{"line":5,"column":25},"end":{"line":5,"column":null}},"5":{"start":{"line":8,"column":17},"end":{"line":8,"column":null}},"6":{"start":{"line":9,"column":34},"end":{"line":9,"column":null}},"7":{"start":{"line":10,"column":34},"end":{"line":10,"column":null}},"8":{"start":{"line":11,"column":34},"end":{"line":11,"column":null}},"9":{"start":{"line":12,"column":36},"end":{"line":12,"column":null}},"10":{"start":{"line":13,"column":34},"end":{"line":13,"column":null}},"11":{"start":{"line":14,"column":34},"end":{"line":14,"column":null}},"12":{"start":{"line":15,"column":34},"end":{"line":15,"column":null}},"13":{"start":{"line":16,"column":34},"end":{"line":16,"column":null}},"14":{"start":{"line":19,"column":4},"end":{"line":19,"column":null}},"15":{"start":{"line":20,"column":4},"end":{"line":20,"column":null}},"16":{"start":{"line":20,"column":51},"end":{"line":20,"column":89}},"17":{"start":{"line":20,"column":89},"end":{"line":20,"column":97}},"18":{"start":{"line":21,"column":4},"end":{"line":21,"column":null}},"19":{"start":{"line":21,"column":32},"end":{"line":21,"column":69}},"20":{"start":{"line":21,"column":69},"end":{"line":21,"column":77}},"21":{"start":{"line":22,"column":4},"end":{"line":22,"column":null}},"22":{"start":{"line":22,"column":32},"end":{"line":22,"column":73}},"23":{"start":{"line":22,"column":73},"end":{"line":22,"column":81}},"24":{"start":{"line":23,"column":4},"end":{"line":23,"column":null}},"25":{"start":{"line":25,"column":4},"end":{"line":49,"column":null}},"26":{"start":{"line":27,"column":19},"end":{"line":31,"column":null}},"27":{"start":{"line":32,"column":19},"end":{"line":32,"column":null}},"28":{"start":{"line":33,"column":6},"end":{"line":33,"column":null}},"29":{"start":{"line":33,"column":21},"end":{"line":33,"column":65}},"30":{"start":{"line":33,"column":65},"end":{"line":33,"column":73}},"31":{"start":{"line":36,"column":6},"end":{"line":42,"column":null}},"32":{"start":{"line":37,"column":8},"end":{"line":41,"column":null}},"33":{"start":{"line":44,"column":6},"end":{"line":44,"column":null}},"34":{"start":{"line":46,"column":6},"end":{"line":46,"column":null}},"35":{"start":{"line":48,"column":6},"end":{"line":48,"column":null}},"36":{"start":{"line":66,"column":10},"end":{"line":66,"column":27}},"37":{"start":{"line":71,"column":31},"end":{"line":71,"column":null}},"38":{"start":{"line":97,"column":52},"end":{"line":107,"column":null}}},"fnMap":{"0":{"name":"CadastroPage","decl":{"start":{"line":7,"column":24},"end":{"line":7,"column":null}},"loc":{"start":{"line":7,"column":24},"end":{"line":95,"column":null}}},"1":{"name":"handleCadastrar","decl":{"start":{"line":18,"column":17},"end":{"line":18,"column":null}},"loc":{"start":{"line":18,"column":17},"end":{"line":50,"column":null}}},"2":{"name":"(anonymous_4)","decl":{"start":{"line":65,"column":14},"end":{"line":65,"column":15}},"loc":{"start":{"line":66,"column":10},"end":{"line":66,"column":27}}},"3":{"name":"(anonymous_5)","decl":{"start":{"line":71,"column":24},"end":{"line":71,"column":25}},"loc":{"start":{"line":71,"column":31},"end":{"line":71,"column":null}}}},"branchMap":{"0":{"loc":{"start":{"line":20,"column":4},"end":{"line":20,"column":null}},"type":"if","locations":[{"start":{"line":20,"column":4},"end":{"line":20,"column":null}},{"start":{},"end":{}}]},"1":{"loc":{"start":{"line":20,"column":8},"end":{"line":20,"column":49}},"type":"binary-expr","locations":[{"start":{"line":20,"column":8},"end":{"line":20,"column":17}},{"start":{"line":20,"column":17},"end":{"line":20,"column":27}},{"start":{"line":20,"column":27},"end":{"line":20,"column":37}},{"start":{"line":20,"column":37},"end":{"line":20,"column":49}}]},"2":{"loc":{"start":{"line":21,"column":4},"end":{"line":21,"column":null}},"type":"if","locations":[{"start":{"line":21,"column":4},"end":{"line":21,"column":null}},{"start":{},"end":{}}]},"3":{"loc":{"start":{"line":22,"column":4},"end":{"line":22,"column":null}},"type":"if","locations":[{"start":{"line":22,"column":4},"end":{"line":22,"column":null}},{"start":{},"end":{}}]},"4":{"loc":{"start":{"line":33,"column":6},"end":{"line":33,"column":null}},"type":"if","locations":[{"start":{"line":33,"column":6},"end":{"line":33,"column":null}},{"start":{},"end":{}}]},"5":{"loc":{"start":{"line":33,"column":29},"end":{"line":33,"column":65}},"type":"binary-expr","locations":[{"start":{"line":33,"column":29},"end":{"line":33,"column":39}},{"start":{"line":33,"column":43},"end":{"line":33,"column":65}}]},"6":{"loc":{"start":{"line":36,"column":6},"end":{"line":42,"column":null}},"type":"if","locations":[{"start":{"line":36,"column":6},"end":{"line":42,"column":null}},{"start":{},"end":{}}]},"7":{"loc":{"start":{"line":83,"column":9},"end":{"line":83,"column":17}},"type":"binary-expr","locations":[{"start":{"line":83,"column":9},"end":{"line":83,"column":17}}]},"8":{"loc":{"start":{"line":86,"column":11},"end":{"line":86,"column":null}},"type":"cond-expr","locations":[{"start":{"line":86,"column":21},"end":{"line":86,"column":40}},{"start":{"line":86,"column":40},"end":{"line":86,"column":null}}]}},"s":{"0":12,"1":1,"2":1,"3":1,"4":1,"5":136,"6":136,"7":136,"8":136,"9":136,"10":136,"11":136,"12":136,"13":136,"14":4,"15":4,"16":1,"17":1,"18":3,"19":1,"20":1,"21":2,"22":2,"23":2,"24":0,"25":0,"26":0,"27":0,"28":0,"29":0,"30":0,"31":0,"32":0,"33":0,"34":0,"35":0,"36":544,"37":120,"38":1},"f":{"0":136,"1":4,"2":544,"3":120},"b":{"0":[1,3],"1":[4,3,3,3],"2":[1,2],"3":[2,0],"4":[0,0],"5":[0,0],"6":[0,0],"7":[136],"8":[0,136]}}
,"C:\\Users\\Pichau\\Documents\\TADS\\sems6\\tcc\\code\\readnext-nextjs\\src\\components\\AvatarPicker.tsx": {"path":"C:\\Users\\Pichau\\Documents\\TADS\\sems6\\tcc\\code\\readnext-nextjs\\src\\components\\AvatarPicker.tsx","statementMap":{"0":{"start":{"line":10,"column":24},"end":{"line":10,"column":37}},"1":{"start":{"line":2,"column":33},"end":{"line":2,"column":null}},"2":{"start":{"line":11,"column":19},"end":{"line":11,"column":null}},"3":{"start":{"line":12,"column":32},"end":{"line":12,"column":null}},"4":{"start":{"line":15,"column":17},"end":{"line":15,"column":36}},"5":{"start":{"line":16,"column":4},"end":{"line":16,"column":null}},"6":{"start":{"line":16,"column":15},"end":{"line":16,"column":null}},"7":{"start":{"line":18,"column":19},"end":{"line":18,"column":null}},"8":{"start":{"line":19,"column":4},"end":{"line":23,"column":null}},"9":{"start":{"line":20,"column":21},"end":{"line":20,"column":34}},"10":{"start":{"line":21,"column":6},"end":{"line":21,"column":null}},"11":{"start":{"line":22,"column":6},"end":{"line":22,"column":null}},"12":{"start":{"line":24,"column":4},"end":{"line":24,"column":null}},"13":{"start":{"line":31,"column":23},"end":{"line":31,"column":null}}},"fnMap":{"0":{"name":"AvatarPicker","decl":{"start":{"line":10,"column":24},"end":{"line":10,"column":37}},"loc":{"start":{"line":10,"column":78},"end":{"line":91,"column":null}}},"1":{"name":"handleFile","decl":{"start":{"line":14,"column":11},"end":{"line":14,"column":22}},"loc":{"start":{"line":14,"column":60},"end":{"line":25,"column":null}}},"2":{"name":"(anonymous_3)","decl":{"start":{"line":19,"column":20},"end":{"line":19,"column":null}},"loc":{"start":{"line":19,"column":20},"end":{"line":23,"column":null}}},"3":{"name":"(anonymous_4)","decl":{"start":{"line":31,"column":17},"end":{"line":31,"column":23}},"loc":{"start":{"line":31,"column":23},"end":{"line":31,"column":null}}}},"branchMap":{"0":{"loc":{"start":{"line":10,"column":60},"end":{"line":10,"column":69}},"type":"default-arg","locations":[{"start":{"line":10,"column":67},"end":{"line":10,"column":69}}]},"1":{"loc":{"start":{"line":16,"column":4},"end":{"line":16,"column":null}},"type":"if","locations":[{"start":{"line":16,"column":4},"end":{"line":16,"column":null}},{"start":{},"end":{}}]},"2":{"loc":{"start":{"line":49,"column":10},"end":{"line":55,"column":11}},"type":"cond-expr","locations":[{"start":{"line":49,"column":10},"end":{"line":55,"column":11}}]}},"s":{"0":8,"1":1,"2":8,"3":8,"4":0,"5":0,"6":0,"7":0,"8":0,"9":0,"10":0,"11":0,"12":0,"13":0},"f":{"0":8,"1":0,"2":0,"3":0},"b":{"0":[7],"1":[0,0],"2":[1]}}
,"C:\\Users\\Pichau\\Documents\\TADS\\sems6\\tcc\\code\\readnext-nextjs\\src\\components\\BaseLayout.tsx": {"path":"C:\\Users\\Pichau\\Documents\\TADS\\sems6\\tcc\\code\\readnext-nextjs\\src\\components\\BaseLayout.tsx","statementMap":{"0":{"start":{"line":11,"column":24},"end":{"line":11,"column":35}},"1":{"start":{"line":2,"column":25},"end":{"line":2,"column":null}},"2":{"start":{"line":3,"column":39},"end":{"line":3,"column":null}},"3":{"start":{"line":4,"column":24},"end":{"line":4,"column":null}},"4":{"start":{"line":5,"column":26},"end":{"line":5,"column":null}},"5":{"start":{"line":12,"column":40},"end":{"line":12,"column":null}},"6":{"start":{"line":13,"column":17},"end":{"line":13,"column":null}},"7":{"start":{"line":14,"column":19},"end":{"line":14,"column":null}},"8":{"start":{"line":16,"column":19},"end":{"line":47,"column":null}},"9":{"start":{"line":64,"column":25},"end":{"line":64,"column":null}},"10":{"start":{"line":79,"column":55},"end":{"line":79,"column":null}},"11":{"start":{"line":102,"column":25},"end":{"line":102,"column":47}},"12":{"start":{"line":103,"column":10},"end":{"line":105,"column":null}},"13":{"start":{"line":106,"column":29},"end":{"line":106,"column":null}}},"fnMap":{"0":{"name":"BaseLayout","decl":{"start":{"line":11,"column":24},"end":{"line":11,"column":35}},"loc":{"start":{"line":11,"column":54},"end":{"line":132,"column":null}}},"1":{"name":"(anonymous_3)","decl":{"start":{"line":64,"column":19},"end":{"line":64,"column":25}},"loc":{"start":{"line":64,"column":25},"end":{"line":64,"column":null}}},"2":{"name":"(anonymous_4)","decl":{"start":{"line":79,"column":49},"end":{"line":79,"column":55}},"loc":{"start":{"line":79,"column":55},"end":{"line":79,"column":null}}},"3":{"name":"(anonymous_5)","decl":{"start":{"line":101,"column":22},"end":{"line":101,"column":23}},"loc":{"start":{"line":101,"column":23},"end":{"line":126,"column":null}}},"4":{"name":"(anonymous_6)","decl":{"start":{"line":106,"column":23},"end":{"line":106,"column":29}},"loc":{"start":{"line":106,"column":29},"end":{"line":106,"column":null}}}},"branchMap":{"0":{"loc":{"start":{"line":109,"column":28},"end":{"line":109,"column":null}},"type":"cond-expr","locations":[{"start":{"line":109,"column":37},"end":{"line":109,"column":51}},{"start":{"line":109,"column":51},"end":{"line":109,"column":null}}]},"1":{"loc":{"start":{"line":112,"column":23},"end":{"line":112,"column":null}},"type":"cond-expr","locations":[{"start":{"line":112,"column":32},"end":{"line":112,"column":55}},{"start":{"line":112,"column":55},"end":{"line":112,"column":null}}]}},"s":{"0":0,"1":0,"2":0,"3":0,"4":0,"5":0,"6":0,"7":0,"8":0,"9":0,"10":0,"11":0,"12":0,"13":0},"f":{"0":0,"1":0,"2":0,"3":0,"4":0},"b":{"0":[0,0],"1":[0,0]}}
,"C:\\Users\\Pichau\\Documents\\TADS\\sems6\\tcc\\code\\readnext-nextjs\\src\\components\\CircularProgress.tsx": {"path":"C:\\Users\\Pichau\\Documents\\TADS\\sems6\\tcc\\code\\readnext-nextjs\\src\\components\\CircularProgress.tsx","statementMap":{"0":{"start":{"line":9,"column":24},"end":{"line":9,"column":41}},"1":{"start":{"line":10,"column":12},"end":{"line":10,"column":null}},"2":{"start":{"line":11,"column":15},"end":{"line":11,"column":null}},"3":{"start":{"line":12,"column":17},"end":{"line":12,"column":null}},"4":{"start":{"line":13,"column":13},"end":{"line":13,"column":null}},"5":{"start":{"line":14,"column":13},"end":{"line":14,"column":null}}},"fnMap":{"0":{"name":"CircularProgress","decl":{"start":{"line":9,"column":24},"end":{"line":9,"column":41}},"loc":{"start":{"line":9,"column":84},"end":{"line":52,"column":null}}}},"branchMap":{"0":{"loc":{"start":{"line":9,"column":52},"end":{"line":9,"column":62}},"type":"default-arg","locations":[{"start":{"line":9,"column":59},"end":{"line":9,"column":62}}]},"1":{"loc":{"start":{"line":9,"column":64},"end":{"line":9,"column":75}},"type":"default-arg","locations":[{"start":{"line":9,"column":73},"end":{"line":9,"column":75}}]}},"s":{"0":7,"1":7,"2":7,"3":7,"4":7,"5":7},"f":{"0":7},"b":{"0":[7],"1":[7]}}
,"C:\\Users\\Pichau\\Documents\\TADS\\sems6\\tcc\\code\\readnext-nextjs\\src\\components\\InstallPrompt.tsx": {"path":"C:\\Users\\Pichau\\Documents\\TADS\\sems6\\tcc\\code\\readnext-nextjs\\src\\components\\InstallPrompt.tsx","statementMap":{"0":{"start":{"line":4,"column":24},"end":{"line":4,"column":null}},"1":{"start":{"line":2,"column":25},"end":{"line":2,"column":null}},"2":{"start":{"line":5,"column":26},"end":{"line":15,"column":null}},"3":{"start":{"line":6,"column":4},"end":{"line":6,"column":null}},"4":{"start":{"line":6,"column":39},"end":{"line":6,"column":null}},"5":{"start":{"line":9,"column":6},"end":{"line":10,"column":61}},"6":{"start":{"line":12,"column":25},"end":{"line":12,"column":80}},"7":{"start":{"line":14,"column":4},"end":{"line":14,"column":null}},"8":{"start":{"line":17,"column":36},"end":{"line":17,"column":null}},"9":{"start":{"line":20,"column":2},"end":{"line":20,"column":null}},"10":{"start":{"line":20,"column":26},"end":{"line":20,"column":null}},"11":{"start":{"line":25,"column":23},"end":{"line":25,"column":null}},"12":{"start":{"line":49,"column":52},"end":{"line":92,"column":null}}},"fnMap":{"0":{"name":"InstallPrompt","decl":{"start":{"line":4,"column":24},"end":{"line":4,"column":null}},"loc":{"start":{"line":4,"column":24},"end":{"line":47,"column":null}}},"1":{"name":"(anonymous_2)","decl":{"start":{"line":5,"column":35},"end":{"line":5,"column":null}},"loc":{"start":{"line":5,"column":35},"end":{"line":15,"column":null}}},"2":{"name":"(anonymous_3)","decl":{"start":{"line":25,"column":17},"end":{"line":25,"column":23}},"loc":{"start":{"line":25,"column":23},"end":{"line":25,"column":null}}}},"branchMap":{"0":{"loc":{"start":{"line":6,"column":4},"end":{"line":6,"column":null}},"type":"if","locations":[{"start":{"line":6,"column":4},"end":{"line":6,"column":null}},{"start":{},"end":{}}]},"1":{"loc":{"start":{"line":9,"column":6},"end":{"line":10,"column":61}},"type":"binary-expr","locations":[{"start":{"line":9,"column":6},"end":{"line":9,"column":null}},{"start":{"line":10,"column":6},"end":{"line":10,"column":61}}]},"2":{"loc":{"start":{"line":14,"column":11},"end":{"line":14,"column":null}},"type":"binary-expr","locations":[{"start":{"line":14,"column":11},"end":{"line":14,"column":20}},{"start":{"line":14,"column":20},"end":{"line":14,"column":null}}]},"3":{"loc":{"start":{"line":20,"column":2},"end":{"line":20,"column":null}},"type":"if","locations":[{"start":{"line":20,"column":2},"end":{"line":20,"column":null}},{"start":{},"end":{}}]},"4":{"loc":{"start":{"line":20,"column":6},"end":{"line":20,"column":26}},"type":"binary-expr","locations":[{"start":{"line":20,"column":6},"end":{"line":20,"column":15}},{"start":{"line":20,"column":15},"end":{"line":20,"column":26}}]}},"s":{"0":0,"1":0,"2":0,"3":0,"4":0,"5":0,"6":0,"7":0,"8":0,"9":0,"10":0,"11":0,"12":0},"f":{"0":0,"1":0,"2":0},"b":{"0":[0,0],"1":[0,0],"2":[0,0],"3":[0,0],"4":[0,0]}}
,"C:\\Users\\Pichau\\Documents\\TADS\\sems6\\tcc\\code\\readnext-nextjs\\src\\components\\SidebarMenu.tsx": {"path":"C:\\Users\\Pichau\\Documents\\TADS\\sems6\\tcc\\code\\readnext-nextjs\\src\\components\\SidebarMenu.tsx","statementMap":{"0":{"start":{"line":10,"column":24},"end":{"line":10,"column":36}},"1":{"start":{"line":2,"column":36},"end":{"line":2,"column":null}},"2":{"start":{"line":3,"column":26},"end":{"line":3,"column":null}},"3":{"start":{"line":11,"column":17},"end":{"line":11,"column":null}},"4":{"start":{"line":12,"column":26},"end":{"line":12,"column":null}},"5":{"start":{"line":14,"column":2},"end":{"line":23,"column":null}},"6":{"start":{"line":15,"column":4},"end":{"line":22,"column":null}},"7":{"start":{"line":16,"column":6},"end":{"line":21,"column":null}},"8":{"start":{"line":17,"column":21},"end":{"line":17,"column":null}},"9":{"start":{"line":19,"column":10},"end":{"line":19,"column":null}},"10":{"start":{"line":19,"column":25},"end":{"line":19,"column":null}},"11":{"start":{"line":26,"column":4},"end":{"line":26,"column":null}},"12":{"start":{"line":27,"column":4},"end":{"line":27,"column":null}},"13":{"start":{"line":30,"column":2},"end":{"line":30,"column":null}},"14":{"start":{"line":30,"column":15},"end":{"line":30,"column":null}},"15":{"start":{"line":120,"column":10},"end":{"line":121,"column":null}},"16":{"start":{"line":122,"column":29},"end":{"line":122,"column":40}},"17":{"start":{"line":122,"column":40},"end":{"line":122,"column":87}},"18":{"start":{"line":122,"column":63},"end":{"line":122,"column":87}}},"fnMap":{"0":{"name":"SidebarMenu","decl":{"start":{"line":10,"column":24},"end":{"line":10,"column":36}},"loc":{"start":{"line":10,"column":62},"end":{"line":163,"column":null}}},"1":{"name":"(anonymous_2)","decl":{"start":{"line":14,"column":12},"end":{"line":14,"column":null}},"loc":{"start":{"line":14,"column":12},"end":{"line":23,"column":5}}},"2":{"name":"(anonymous_3)","decl":{"start":{"line":17,"column":14},"end":{"line":17,"column":15}},"loc":{"start":{"line":17,"column":21},"end":{"line":17,"column":null}}},"3":{"name":"(anonymous_4)","decl":{"start":{"line":18,"column":14},"end":{"line":18,"column":15}},"loc":{"start":{"line":18,"column":15},"end":{"line":20,"column":null}}},"4":{"name":"(anonymous_5)","decl":{"start":{"line":21,"column":15},"end":{"line":21,"column":22}},"loc":{"start":{"line":21,"column":15},"end":{"line":21,"column":null}}},"5":{"name":"handleLogout","decl":{"start":{"line":25,"column":17},"end":{"line":25,"column":null}},"loc":{"start":{"line":25,"column":17},"end":{"line":28,"column":null}}},"6":{"name":"(anonymous_7)","decl":{"start":{"line":119,"column":14},"end":{"line":119,"column":15}},"loc":{"start":{"line":120,"column":10},"end":{"line":121,"column":null}}},"7":{"name":"(anonymous_8)","decl":{"start":{"line":122,"column":21},"end":{"line":122,"column":29}},"loc":{"start":{"line":122,"column":21},"end":{"line":122,"column":null}}}},"branchMap":{"0":{"loc":{"start":{"line":15,"column":4},"end":{"line":22,"column":null}},"type":"if","locations":[{"start":{"line":15,"column":4},"end":{"line":22,"column":null}},{"start":{},"end":{}}]},"1":{"loc":{"start":{"line":19,"column":10},"end":{"line":19,"column":null}},"type":"if","locations":[{"start":{"line":19,"column":10},"end":{"line":19,"column":null}},{"start":{},"end":{}}]},"2":{"loc":{"start":{"line":30,"column":2},"end":{"line":30,"column":null}},"type":"if","locations":[{"start":{"line":30,"column":2},"end":{"line":30,"column":null}},{"start":{},"end":{}}]},"3":{"loc":{"start":{"line":93,"column":12},"end":{"line":99,"column":13}},"type":"cond-expr","locations":[{"start":{"line":93,"column":12},"end":{"line":99,"column":13}}]},"4":{"loc":{"start":{"line":107,"column":15},"end":{"line":107,"column":null}},"type":"binary-expr","locations":[{"start":{"line":107,"column":15},"end":{"line":107,"column":29}},{"start":{"line":107,"column":29},"end":{"line":107,"column":null}}]},"5":{"loc":{"start":{"line":109,"column":73},"end":{"line":109,"column":null}},"type":"binary-expr","locations":[{"start":{"line":109,"column":73},"end":{"line":109,"column":88}},{"start":{"line":109,"column":88},"end":{"line":109,"column":null}}]},"6":{"loc":{"start":{"line":122,"column":40},"end":{"line":122,"column":87}},"type":"if","locations":[{"start":{"line":122,"column":40},"end":{"line":122,"column":87}},{"start":{},"end":{}}]}},"s":{"0":0,"1":0,"2":0,"3":0,"4":0,"5":0,"6":0,"7":0,"8":0,"9":0,"10":0,"11":0,"12":0,"13":0,"14":0,"15":0,"16":0,"17":0,"18":0},"f":{"0":0,"1":0,"2":0,"3":0,"4":0,"5":0,"6":0,"7":0},"b":{"0":[0,0],"1":[0,0],"2":[0,0],"3":[0],"4":[0,0],"5":[0,0],"6":[0,0]}}
}
