TN:
SF:src\app\layout.tsx
FN:12,RootLayout
FNF:1
FNH:0
FNDA:0,RootLayout
DA:2,0
DA:4,0
DA:12,0
LF:3
LH:0
BRF:0
BRH:0
end_of_record
TN:
SF:src\app\manifest.ts
FN:3,manifest
FNF:1
FNH:0
FNDA:0,manifest
DA:3,0
DA:4,0
LF:2
LH:0
BRF:0
BRH:0
end_of_record
TN:
SF:src\app\page.tsx
FN:3,RootPage
FNF:1
FNH:0
FNDA:0,RootPage
DA:1,0
DA:3,0
DA:4,0
LF:3
LH:0
BRF:0
BRH:0
end_of_record
TN:
SF:src\app\api\auth\avatar\route.ts
FNF:0
FNH:0
DA:1,0
DA:3,0
LF:2
LH:0
BRF:0
BRH:0
end_of_record
TN:
SF:src\app\api\auth\login\route.ts
FNF:0
FNH:0
DA:1,0
DA:3,0
LF:2
LH:0
BRF:0
BRH:0
end_of_record
TN:
SF:src\app\api\auth\logout\route.ts
FNF:0
FNH:0
DA:1,0
DA:3,0
LF:2
LH:0
BRF:0
BRH:0
end_of_record
TN:
SF:src\app\api\auth\me\route.ts
FNF:0
FNH:0
DA:3,0
DA:5,0
LF:2
LH:0
BRF:0
BRH:0
end_of_record
TN:
SF:src\app\api\auth\register\route.ts
FNF:0
FNH:0
DA:1,0
DA:3,0
LF:2
LH:0
BRF:0
BRH:0
end_of_record
TN:
SF:src\app\api\livros\route.ts
FNF:0
FNH:0
DA:1,0
DA:3,0
DA:4,0
DA:5,0
DA:6,0
LF:5
LH:0
BRF:0
BRH:0
end_of_record
TN:
SF:src\app\api\search\route.ts
FNF:0
FNH:0
DA:1,0
DA:3,0
LF:2
LH:0
BRF:0
BRH:0
end_of_record
TN:
SF:src\app\auth\auth.ts
FN:1,getMe
FNF:1
FNH:0
FNDA:0,getMe
DA:1,0
DA:2,0
DA:3,0
DA:4,0
LF:4
LH:0
BRDA:3,0,0,0
BRDA:3,0,1,0
BRF:2
BRH:0
end_of_record
TN:
SF:src\app\dashboard\page.tsx
FN:13,calcularMetrics
FN:14,(anonymous_6)
FN:16,(anonymous_7)
FN:17,(anonymous_8)
FN:18,(anonymous_9)
FN:23,getMensagem
FN:32,DashboardPage
FN:38,(anonymous_12)
FN:39,load
FN:88,(anonymous_14)
FNF:10
FNH:10
FNDA:14,calcularMetrics
FNDA:13,(anonymous_6)
FNDA:12,(anonymous_7)
FNDA:13,(anonymous_8)
FNDA:13,(anonymous_9)
FNDA:15,getMensagem
FNDA:10,DashboardPage
FNDA:9,(anonymous_12)
FNDA:9,load
FNDA:4,(anonymous_14)
DA:2,1
DA:3,1
DA:4,1
DA:5,1
DA:13,4
DA:14,14
DA:15,14
DA:16,14
DA:17,14
DA:18,14
DA:19,14
DA:20,14
DA:23,5
DA:24,15
DA:25,5
DA:26,4
DA:27,3
DA:28,2
DA:29,0
DA:32,5
DA:33,10
DA:34,10
DA:35,10
DA:36,10
DA:38,10
DA:40,9
DA:41,9
DA:42,9
DA:43,4
DA:44,4
DA:46,4
DA:47,4
DA:48,4
DA:49,4
DA:52,4
DA:54,9
DA:57,9
DA:60,10
DA:61,10
DA:89,4
DA:101,1
LF:41
LH:40
BRDA:19,0,0,4
BRDA:19,0,1,10
BRDA:24,1,0,10
BRDA:24,1,1,5
BRDA:25,2,0,1
BRDA:25,2,1,4
BRDA:26,3,0,1
BRDA:26,3,1,3
BRDA:27,4,0,1
BRDA:27,4,1,2
BRDA:28,5,0,2
BRDA:28,5,1,0
BRDA:42,6,0,1
BRDA:42,6,1,4
BRDA:44,7,0,4
BRDA:44,7,1,0
BRDA:47,8,0,4
BRDA:47,8,1,0
BRDA:72,9,0,5
BRDA:81,10,0,10
BRDA:81,10,1,5
BRF:21
BRH:18
end_of_record
TN:
SF:src\app\livros\page.tsx
FN:36,LivrosPage
FN:48,(anonymous_3)
FN:50,(anonymous_4)
FN:53,abrirDetalhes
FN:76,(anonymous_6)
FN:82,(anonymous_7)
FN:112,adicionarComStatus
FN:130,(anonymous_9)
FN:131,(anonymous_10)
FN:139,(anonymous_11)
FN:141,(anonymous_12)
FN:142,(anonymous_13)
FN:163,(anonymous_14)
FN:164,(anonymous_15)
FN:169,(anonymous_16)
FN:172,(anonymous_17)
FN:191,(anonymous_18)
FN:195,(anonymous_19)
FN:233,(anonymous_20)
FN:241,(anonymous_21)
FN:273,(anonymous_22)
FN:277,(anonymous_23)
FN:312,(anonymous_24)
FN:351,(anonymous_25)
FN:354,(anonymous_26)
FN:356,(anonymous_27)
FN:357,(anonymous_28)
FN:365,(anonymous_29)
FNF:28
FNH:17
FNDA:104,LivrosPage
FNDA:1,(anonymous_3)
FNDA:0,(anonymous_4)
FNDA:0,abrirDetalhes
FNDA:0,(anonymous_6)
FNDA:8,(anonymous_7)
FNDA:1,adicionarComStatus
FNDA:0,(anonymous_9)
FNDA:0,(anonymous_10)
FNDA:1,(anonymous_11)
FNDA:1,(anonymous_12)
FNDA:2,(anonymous_13)
FNDA:66,(anonymous_14)
FNDA:66,(anonymous_15)
FNDA:0,(anonymous_16)
FNDA:208,(anonymous_17)
FNDA:26,(anonymous_18)
FNDA:0,(anonymous_19)
FNDA:4,(anonymous_20)
FNDA:75,(anonymous_21)
FNDA:0,(anonymous_22)
FNDA:0,(anonymous_23)
FNDA:0,(anonymous_24)
FNDA:16,(anonymous_25)
FNDA:1,(anonymous_26)
FNDA:1,(anonymous_27)
FNDA:0,(anonymous_28)
FNDA:1,(anonymous_29)
DA:2,1
DA:3,1
DA:4,1
DA:16,1
DA:21,1
DA:36,16
DA:37,104
DA:38,104
DA:39,104
DA:40,104
DA:41,104
DA:42,104
DA:43,104
DA:44,104
DA:45,104
DA:46,104
DA:48,104
DA:49,1
DA:50,1
DA:54,0
DA:55,0
DA:62,0
DA:63,0
DA:64,0
DA:65,0
DA:66,0
DA:76,0
DA:77,0
DA:82,104
DA:83,8
DA:84,8
DA:85,8
DA:86,8
DA:87,8
DA:88,8
DA:91,8
DA:92,0
DA:93,0
DA:94,0
DA:95,0
DA:97,8
DA:98,8
DA:99,0
DA:100,0
DA:101,0
DA:103,8
DA:104,8
DA:106,0
DA:108,8
DA:113,1
DA:114,1
DA:115,1
DA:116,1
DA:127,1
DA:128,1
DA:130,0
DA:131,0
DA:133,0
DA:134,1
DA:135,0
DA:136,1
DA:137,0
DA:139,1
DA:140,1
DA:141,1
DA:142,2
DA:146,0
DA:148,1
DA:163,66
DA:164,66
DA:169,0
DA:173,208
DA:192,26
DA:195,0
DA:233,4
DA:242,75
DA:273,0
DA:277,0
DA:312,0
DA:352,16
DA:354,1
DA:356,1
DA:357,0
DA:365,1
DA:382,1
LF:85
LH:56
BRDA:65,0,0,0
BRDA:65,0,1,0
BRDA:67,1,0,0
BRDA:67,1,1,0
BRDA:68,2,0,0
BRDA:68,2,1,0
BRDA:69,3,0,0
BRDA:69,3,1,0
BRDA:70,4,0,0
BRDA:70,4,1,0
BRDA:77,5,0,0
BRDA:77,5,1,0
BRDA:83,6,0,0
BRDA:83,6,1,8
BRDA:91,7,0,0
BRDA:91,7,1,8
BRDA:93,8,0,0
BRDA:93,8,1,0
BRDA:98,9,0,0
BRDA:98,9,1,8
BRDA:104,10,0,1
BRDA:104,10,1,7
BRDA:128,11,0,0
BRDA:128,11,1,1
BRDA:131,12,0,0
BRDA:131,12,1,0
BRDA:134,13,0,0
BRDA:134,13,1,1
BRDA:135,14,0,0
BRDA:135,14,1,0
BRDA:136,15,0,0
BRDA:136,15,1,1
BRDA:137,16,0,0
BRDA:137,16,1,0
BRDA:139,17,0,1
BRDA:139,17,1,0
BRDA:142,18,0,1
BRDA:142,18,1,1
BRDA:164,19,0,66
BRDA:164,19,1,0
BRDA:180,20,0,104
BRDA:180,20,1,96
BRDA:181,21,0,24
BRDA:181,21,1,80
BRDA:181,22,0,104
BRDA:181,22,1,96
BRDA:183,23,0,8
BRDA:183,23,1,96
BRDA:186,24,0,104
BRDA:189,25,0,104
BRDA:200,26,0,0
BRDA:213,27,0,26
BRDA:228,28,0,26
BRDA:228,28,1,0
BRDA:238,29,0,1
BRDA:238,29,1,25
BRDA:256,30,0,104
BRDA:256,30,1,96
BRDA:256,30,2,83
BRDA:270,31,0,104
BRDA:280,32,0,0
BRDA:295,33,0,0
BRDA:308,34,0,104
BRDA:328,35,0,0
BRDA:347,36,0,0
BRDA:347,36,1,4
BRDA:375,37,0,104
BRF:67
BRH:33
end_of_record
TN:
SF:src\app\login\page.tsx
FN:6,LoginPage
FN:13,handleSubmit
FN:43,(anonymous_4)
FN:52,(anonymous_5)
FN:55,(anonymous_6)
FNF:5
FNH:5
FNDA:99,LoginPage
FNDA:5,handleSubmit
FNDA:52,(anonymous_4)
FNDA:27,(anonymous_5)
FNDA:27,(anonymous_6)
DA:2,1
DA:3,1
DA:4,1
DA:6,13
DA:7,99
DA:8,99
DA:9,99
DA:10,99
DA:11,99
DA:14,5
DA:15,5
DA:16,3
DA:17,3
DA:18,3
DA:23,3
DA:24,3
DA:25,2
DA:27,0
DA:29,3
DA:43,52
DA:52,27
DA:55,27
DA:99,1
LF:23
LH:22
BRDA:15,0,0,2
BRDA:15,0,1,3
BRDA:15,1,0,5
BRDA:15,1,1,4
BRDA:24,2,0,1
BRDA:24,2,1,2
BRDA:24,3,0,1
BRDA:24,3,1,0
BRDA:55,4,0,27
BRDA:55,4,1,0
BRDA:58,5,0,99
BRDA:63,6,0,3
BRDA:63,6,1,96
BRF:13
BRH:11
end_of_record
TN:
SF:src\app\meus-livros\page.tsx
FN:33,MeusLivrosPage
FN:55,(anonymous_3)
FN:57,showToast
FN:59,(anonymous_5)
FN:62,load
FN:71,abrirDetalhes
FN:96,(anonymous_8)
FN:104,confirmarStatus
FN:134,confirmarRemocao
FN:165,(anonymous_11)
FN:179,(anonymous_12)
FN:180,(anonymous_13)
FN:199,(anonymous_14)
FN:204,(anonymous_15)
FN:245,(anonymous_16)
FN:255,(anonymous_17)
FN:269,(anonymous_18)
FN:274,(anonymous_19)
FN:316,(anonymous_20)
FN:334,(anonymous_21)
FN:337,(anonymous_22)
FN:348,(anonymous_23)
FN:351,(anonymous_24)
FN:352,(anonymous_25)
FN:353,(anonymous_26)
FN:375,(anonymous_27)
FN:387,(anonymous_28)
FNF:27
FNH:16
FNDA:53,MeusLivrosPage
FNDA:19,(anonymous_3)
FNDA:2,showToast
FNDA:0,(anonymous_5)
FNDA:21,load
FNDA:0,abrirDetalhes
FNDA:0,(anonymous_8)
FNDA:1,confirmarStatus
FNDA:1,confirmarRemocao
FNDA:6,(anonymous_11)
FNDA:2,(anonymous_12)
FNDA:265,(anonymous_13)
FNDA:94,(anonymous_14)
FNDA:0,(anonymous_15)
FNDA:5,(anonymous_16)
FNDA:4,(anonymous_17)
FNDA:0,(anonymous_18)
FNDA:0,(anonymous_19)
FNDA:1,(anonymous_20)
FNDA:0,(anonymous_21)
FNDA:24,(anonymous_22)
FNDA:30,(anonymous_23)
FNDA:0,(anonymous_24)
FNDA:0,(anonymous_25)
FNDA:0,(anonymous_26)
FNDA:0,(anonymous_27)
FNDA:1,(anonymous_28)
DA:2,1
DA:3,1
DA:4,1
DA:24,1
DA:31,1
DA:33,19
DA:34,53
DA:35,53
DA:36,53
DA:37,53
DA:40,53
DA:41,53
DA:42,53
DA:43,53
DA:44,53
DA:47,53
DA:50,53
DA:51,53
DA:53,53
DA:55,53
DA:58,2
DA:59,2
DA:63,21
DA:64,21
DA:65,21
DA:66,21
DA:67,21
DA:72,0
DA:80,0
DA:81,0
DA:84,0
DA:85,0
DA:86,0
DA:96,0
DA:105,1
DA:106,1
DA:107,1
DA:108,1
DA:117,1
DA:119,1
DA:121,1
DA:123,1
DA:124,1
DA:125,1
DA:127,0
DA:129,1
DA:135,1
DA:136,1
DA:137,1
DA:138,1
DA:141,1
DA:142,0
DA:143,0
DA:144,0
DA:146,1
DA:147,1
DA:148,1
DA:150,0
DA:152,1
DA:156,53
DA:165,53
DA:167,53
DA:179,2
DA:181,265
DA:200,94
DA:204,0
DA:246,5
DA:247,5
DA:248,5
DA:255,4
DA:269,0
DA:274,0
DA:316,1
DA:334,0
DA:338,24
DA:349,30
DA:351,0
DA:352,0
DA:353,0
DA:375,0
DA:387,1
DA:415,1
LF:82
LH:62
BRDA:57,0,0,0
BRDA:64,1,0,0
BRDA:64,1,1,21
BRDA:66,2,0,21
BRDA:66,2,1,0
BRDA:85,3,0,0
BRDA:85,3,1,0
BRDA:87,4,0,0
BRDA:87,4,1,0
BRDA:88,5,0,0
BRDA:88,5,1,0
BRDA:89,6,0,0
BRDA:89,6,1,0
BRDA:90,7,0,0
BRDA:90,7,1,0
BRDA:96,8,0,0
BRDA:96,8,1,0
BRDA:105,9,0,0
BRDA:105,9,1,1
BRDA:114,10,0,1
BRDA:114,10,1,1
BRDA:119,11,0,0
BRDA:119,11,1,1
BRDA:119,12,0,0
BRDA:119,12,1,0
BRDA:135,13,0,0
BRDA:135,13,1,1
BRDA:141,14,0,0
BRDA:141,14,1,1
BRDA:143,15,0,0
BRDA:143,15,1,0
BRDA:165,16,0,51
BRDA:165,16,1,2
BRDA:186,17,0,53
BRDA:192,18,0,53
BRDA:192,18,1,34
BRDA:210,19,0,0
BRDA:230,20,0,94
BRDA:230,20,1,0
BRDA:231,21,0,32
BRDA:231,21,1,62
BRDA:241,22,0,94
BRDA:241,22,1,0
BRDA:248,23,0,5
BRDA:248,23,1,5
BRDA:266,24,0,53
BRDA:281,25,0,0
BRDA:297,26,0,0
BRDA:312,27,0,53
BRDA:316,28,0,1
BRDA:316,28,1,1
BRDA:323,29,0,0
BRDA:353,30,0,0
BRDA:353,30,1,0
BRDA:354,31,0,24
BRDA:354,31,1,6
BRDA:355,32,0,0
BRDA:355,32,1,30
BRDA:355,33,0,30
BRDA:355,33,1,30
BRDA:363,34,0,1
BRDA:363,34,1,5
BRDA:365,35,0,1
BRDA:365,35,1,5
BRDA:372,36,0,53
BRDA:375,37,0,0
BRDA:375,37,1,0
BRDA:398,38,0,1
BRDA:398,38,1,4
BRDA:406,39,0,53
BRF:70
BRH:36
end_of_record
TN:
SF:src\app\profile\page.tsx
FN:8,validarNome
FN:13,ProfilePage
FN:24,(anonymous_6)
FN:25,load
FN:42,salvar
FN:109,(anonymous_9)
FNF:6
FNH:5
FNDA:5,validarNome
FNDA:26,ProfilePage
FNDA:21,(anonymous_6)
FNDA:21,load
FNDA:2,salvar
FNDA:0,(anonymous_9)
DA:2,1
DA:3,1
DA:4,1
DA:5,1
DA:8,3
DA:9,5
DA:10,3
DA:13,9
DA:14,26
DA:15,26
DA:16,26
DA:17,26
DA:18,26
DA:19,26
DA:20,26
DA:21,26
DA:22,26
DA:24,26
DA:26,21
DA:27,21
DA:28,20
DA:29,20
DA:30,20
DA:31,20
DA:32,20
DA:34,0
DA:36,20
DA:39,21
DA:43,2
DA:44,2
DA:46,2
DA:47,2
DA:48,0
DA:49,0
DA:52,2
DA:54,2
DA:55,2
DA:56,1
DA:61,1
DA:62,0
DA:63,0
DA:64,0
DA:66,1
DA:67,1
DA:68,1
DA:71,2
DA:73,0
DA:75,2
DA:79,26
DA:109,0
DA:153,1
LF:51
LH:43
BRDA:9,0,0,2
BRDA:9,0,1,3
BRDA:28,1,0,0
BRDA:28,1,1,20
BRDA:30,2,0,20
BRDA:30,2,1,0
BRDA:31,3,0,20
BRDA:31,3,1,0
BRDA:32,4,0,20
BRDA:32,4,1,18
BRDA:47,5,0,0
BRDA:47,5,1,2
BRDA:55,6,0,1
BRDA:55,6,1,1
BRDA:61,7,0,0
BRDA:61,7,1,1
BRDA:63,8,0,0
BRDA:63,8,1,0
BRDA:79,9,0,9
BRDA:79,9,1,17
BRDA:127,10,0,17
BRDA:134,11,0,17
BRDA:143,12,0,1
BRDA:143,12,1,16
BRDA:145,13,0,1
BRDA:145,13,1,16
BRF:26
BRH:19
end_of_record
TN:
SF:src\app\register\page.tsx
FN:7,CadastroPage
FN:18,handleCadastrar
FN:65,(anonymous_4)
FN:71,(anonymous_5)
FNF:4
FNH:4
FNDA:136,CadastroPage
FNDA:4,handleCadastrar
FNDA:544,(anonymous_4)
FNDA:120,(anonymous_5)
DA:2,1
DA:3,1
DA:4,1
DA:5,1
DA:7,12
DA:8,136
DA:9,136
DA:10,136
DA:11,136
DA:12,136
DA:13,136
DA:14,136
DA:15,136
DA:16,136
DA:19,4
DA:20,4
DA:21,3
DA:22,2
DA:23,0
DA:25,0
DA:27,0
DA:32,0
DA:33,0
DA:36,0
DA:37,0
DA:44,0
DA:46,0
DA:48,0
DA:66,544
DA:71,120
DA:97,1
LF:31
LH:21
BRDA:20,0,0,1
BRDA:20,0,1,3
BRDA:20,1,0,4
BRDA:20,1,1,3
BRDA:20,1,2,3
BRDA:20,1,3,3
BRDA:21,2,0,1
BRDA:21,2,1,2
BRDA:22,3,0,2
BRDA:22,3,1,0
BRDA:33,4,0,0
BRDA:33,4,1,0
BRDA:33,5,0,0
BRDA:33,5,1,0
BRDA:36,6,0,0
BRDA:36,6,1,0
BRDA:83,7,0,136
BRDA:86,8,0,0
BRDA:86,8,1,136
BRF:19
BRH:11
end_of_record
TN:
SF:src\components\AvatarPicker.tsx
FN:10,AvatarPicker
FN:14,handleFile
FN:19,(anonymous_3)
FN:31,(anonymous_4)
FNF:4
FNH:1
FNDA:8,AvatarPicker
FNDA:0,handleFile
FNDA:0,(anonymous_3)
FNDA:0,(anonymous_4)
DA:2,1
DA:10,8
DA:11,8
DA:12,8
DA:15,0
DA:16,0
DA:18,0
DA:19,0
DA:20,0
DA:21,0
DA:22,0
DA:24,0
DA:31,0
LF:13
LH:4
BRDA:10,0,0,7
BRDA:16,1,0,0
BRDA:16,1,1,0
BRDA:49,2,0,1
BRF:4
BRH:2
end_of_record
TN:
SF:src\components\BaseLayout.tsx
FN:11,BaseLayout
FN:64,(anonymous_3)
FN:79,(anonymous_4)
FN:101,(anonymous_5)
FN:106,(anonymous_6)
FNF:5
FNH:0
FNDA:0,BaseLayout
FNDA:0,(anonymous_3)
FNDA:0,(anonymous_4)
FNDA:0,(anonymous_5)
FNDA:0,(anonymous_6)
DA:2,0
DA:3,0
DA:4,0
DA:5,0
DA:11,0
DA:12,0
DA:13,0
DA:14,0
DA:16,0
DA:64,0
DA:79,0
DA:102,0
DA:103,0
DA:106,0
LF:14
LH:0
BRDA:109,0,0,0
BRDA:109,0,1,0
BRDA:112,1,0,0
BRDA:112,1,1,0
BRF:4
BRH:0
end_of_record
TN:
SF:src\components\CircularProgress.tsx
FN:9,CircularProgress
FNF:1
FNH:1
FNDA:7,CircularProgress
DA:9,7
DA:10,7
DA:11,7
DA:12,7
DA:13,7
DA:14,7
LF:6
LH:6
BRDA:9,0,0,7
BRDA:9,1,0,7
BRF:2
BRH:2
end_of_record
TN:
SF:src\components\InstallPrompt.tsx
FN:4,InstallPrompt
FN:5,(anonymous_2)
FN:25,(anonymous_3)
FNF:3
FNH:0
FNDA:0,InstallPrompt
FNDA:0,(anonymous_2)
FNDA:0,(anonymous_3)
DA:2,0
DA:4,0
DA:5,0
DA:6,0
DA:9,0
DA:12,0
DA:14,0
DA:17,0
DA:20,0
DA:25,0
DA:49,0
LF:11
LH:0
BRDA:6,0,0,0
BRDA:6,0,1,0
BRDA:9,1,0,0
BRDA:9,1,1,0
BRDA:14,2,0,0
BRDA:14,2,1,0
BRDA:20,3,0,0
BRDA:20,3,1,0
BRDA:20,4,0,0
BRDA:20,4,1,0
BRF:10
BRH:0
end_of_record
TN:
SF:src\components\SidebarMenu.tsx
FN:10,SidebarMenu
FN:14,(anonymous_2)
FN:17,(anonymous_3)
FN:18,(anonymous_4)
FN:21,(anonymous_5)
FN:25,handleLogout
FN:119,(anonymous_7)
FN:122,(anonymous_8)
FNF:8
FNH:0
FNDA:0,SidebarMenu
FNDA:0,(anonymous_2)
FNDA:0,(anonymous_3)
FNDA:0,(anonymous_4)
FNDA:0,(anonymous_5)
FNDA:0,handleLogout
FNDA:0,(anonymous_7)
FNDA:0,(anonymous_8)
DA:2,0
DA:3,0
DA:10,0
DA:11,0
DA:12,0
DA:14,0
DA:15,0
DA:16,0
DA:17,0
DA:19,0
DA:26,0
DA:27,0
DA:30,0
DA:120,0
DA:122,0
LF:15
LH:0
BRDA:15,0,0,0
BRDA:15,0,1,0
BRDA:19,1,0,0
BRDA:19,1,1,0
BRDA:30,2,0,0
BRDA:30,2,1,0
BRDA:93,3,0,0
BRDA:107,4,0,0
BRDA:107,4,1,0
BRDA:109,5,0,0
BRDA:109,5,1,0
BRDA:122,6,0,0
BRDA:122,6,1,0
BRF:13
BRH:0
end_of_record
